#
# There is insufficient memory for the Java Runtime Environment to continue.
# Native memory allocation (mmap) failed to map 144703488 bytes for G1 virtual space
# Possible reasons:
#   The system is out of physical RAM or swap space
#   The process is running with CompressedOops enabled, and the Java Heap may be blocking the growth of the native heap
# Possible solutions:
#   Reduce memory load on the system
#   Increase physical memory or swap space
#   Check if swap backing store is full
#   Decrease Java heap size (-Xmx/-Xms)
#   Decrease number of Java threads
#   Decrease Java thread stack sizes (-Xss)
#   Set larger code cache with -XX:ReservedCodeCacheSize=
#   JVM is running with Zero Based Compressed Oops mode in which the Java heap is
#     placed in the first 32GB address space. The Java Heap base address is the
#     maximum limit for the native heap growth. Please use -XX:HeapBaseMinAddress
#     to set the Java Heap base and to place the Java Heap above 32GB virtual address.
# This output file may be truncated or incomplete.
#
#  Out of Memory Error (os_windows.cpp:3600), pid=21964, tid=11260
#
# JRE version: Java(TM) SE Runtime Environment (21.0.2+13) (build 21.0.2+13-LTS-58)
# Java VM: Java HotSpot(TM) 64-Bit Server VM (21.0.2+13-LTS-58, mixed mode, sharing, tiered, compressed oops, compressed class ptrs, g1 gc, windows-amd64)
# No core dump will be written. Minidumps are not enabled by default on client versions of Windows
#

---------------  S U M M A R Y ------------

Command Line: -javaagent:C:\Program Files\JetBrains\IntelliJ IDEA 2023.3\lib\idea_rt.jar=6410:C:\Program Files\JetBrains\IntelliJ IDEA 2023.3\bin -Dfile.encoding=UTF-8 -Dsun.stdout.encoding=UTF-8 -Dsun.stderr.encoding=UTF-8 --module-path=C:\Users\LENOVO\.m2\repository\org\openjfx\javafx-base\19.0.2.1\javafx-base-19.0.2.1-win.jar;E:\uni\2nd\AdvancedProgramming\Git\advanced-programming-project-group-37\GwentNetwork\target\classes;C:\Users\LENOVO\.m2\repository\com\google\code\gson\gson\2.8.9\gson-2.8.9.jar;C:\Users\LENOVO\.m2\repository\org\openjfx\javafx-graphics\19.0.2.1\javafx-graphics-19.0.2.1-win.jar;C:\Users\LENOVO\.m2\repository\org\openjfx\javafx-controls\19.0.2.1\javafx-controls-19.0.2.1-win.jar;C:\Users\LENOVO\.m2\repository\org\openjfx\javafx-media\19.0.2.1\javafx-media-19.0.2.1-win.jar;C:\Users\LENOVO\.m2\repository\org\openjfx\javafx-fxml\19.0.2.1\javafx-fxml-19.0.2.1-win.jar;C:\Users\LENOVO\.m2\repository\com\sun\mail\javax.mail\1.6.2\javax.mail-1.6.2.jar -Djdk.module.main=GwentNetwork GwentNetwork/server.ServerTCP

Host: 12th Gen Intel(R) Core(TM) i7-1255U, 12 cores, 15G,  Windows 11 , 64 bit Build 22621 (10.0.22621.900)
Time: Thu Jul 11 18:11:42 2024 Iran Daylight Time elapsed time: 266.557056 seconds (0d 0h 4m 26s)

---------------  T H R E A D  ---------------

Current thread (0x00000171415c38d0):  VMThread "VM Thread"          [id=11260, stack(0x0000003ed0700000,0x0000003ed0800000) (1024K)]

Stack: [0x0000003ed0700000,0x0000003ed0800000]
Native frames: (J=compiled Java code, j=interpreted, Vv=VM code, C=native code)
V  [jvm.dll+0x6cade9]
V  [jvm.dll+0x8569c1]
V  [jvm.dll+0x858d2e]
V  [jvm.dll+0x859413]
V  [jvm.dll+0x280e56]
V  [jvm.dll+0x6c74d5]
V  [jvm.dll+0x6bbeca]
V  [jvm.dll+0x355bca]
V  [jvm.dll+0x35d816]
V  [jvm.dll+0x3ae67e]
V  [jvm.dll+0x3ae928]
V  [jvm.dll+0x3295dc]
V  [jvm.dll+0x329667]
V  [jvm.dll+0x36df1c]
V  [jvm.dll+0x36c71d]
V  [jvm.dll+0x328d51]
V  [jvm.dll+0x36be2a]
V  [jvm.dll+0x85ef18]
V  [jvm.dll+0x860014]
V  [jvm.dll+0x860550]
V  [jvm.dll+0x8607f3]
V  [jvm.dll+0x7ff568]
V  [jvm.dll+0x6c953d]
C  [ucrtbase.dll+0x29363]
C  [KERNEL32.DLL+0x1247d]
C  [ntdll.dll+0x5dfb8]

VM_Operation (0x0000003ed16fe9e0): G1CollectForAllocation, mode: safepoint, requested by thread 0x0000017187427070


---------------  P R O C E S S  ---------------

Threads class SMR info:
_java_thread_list=0x000001718831d450, length=26, elements={
0x00000171206de410, 0x00000171415e40a0, 0x00000171415e4d00, 0x00000171415e82d0,
0x00000171415ed010, 0x00000171415ee210, 0x00000171415eb8f0, 0x0000017187007bb0,
0x0000017187009000, 0x000001718716a960, 0x0000017187bea340, 0x0000017187bea9b0,
0x00000171878078c0, 0x0000017187427070, 0x00000171874276e0, 0x0000017187d84500,
0x0000017187d84b70, 0x0000017187be0ec0, 0x000001718797d200, 0x0000017188216520,
0x0000017188217240, 0x00000171882185f0, 0x0000017188217f60, 0x0000017188216bb0,
0x0000017188218c80, 0x0000017188219310
}

Java Threads: ( => current thread )
  0x00000171206de410 JavaThread "main"                              [_thread_in_native, id=18268, stack(0x0000003ed0000000,0x0000003ed0100000) (1024K)]
  0x00000171415e40a0 JavaThread "Reference Handler"          daemon [_thread_blocked, id=18020, stack(0x0000003ed0800000,0x0000003ed0900000) (1024K)]
  0x00000171415e4d00 JavaThread "Finalizer"                  daemon [_thread_blocked, id=17468, stack(0x0000003ed0900000,0x0000003ed0a00000) (1024K)]
  0x00000171415e82d0 JavaThread "Signal Dispatcher"          daemon [_thread_blocked, id=21628, stack(0x0000003ed0a00000,0x0000003ed0b00000) (1024K)]
  0x00000171415ed010 JavaThread "Attach Listener"            daemon [_thread_blocked, id=17772, stack(0x0000003ed0b00000,0x0000003ed0c00000) (1024K)]
  0x00000171415ee210 JavaThread "Service Thread"             daemon [_thread_blocked, id=10824, stack(0x0000003ed0c00000,0x0000003ed0d00000) (1024K)]
  0x00000171415eb8f0 JavaThread "Monitor Deflation Thread"   daemon [_thread_blocked, id=16388, stack(0x0000003ed0d00000,0x0000003ed0e00000) (1024K)]
  0x0000017187007bb0 JavaThread "C2 CompilerThread0"         daemon [_thread_blocked, id=6804, stack(0x0000003ed0e00000,0x0000003ed0f00000) (1024K)]
  0x0000017187009000 JavaThread "C1 CompilerThread0"         daemon [_thread_blocked, id=19276, stack(0x0000003ed0f00000,0x0000003ed1000000) (1024K)]
  0x000001718716a960 JavaThread "Common-Cleaner"             daemon [_thread_blocked, id=20548, stack(0x0000003ed1000000,0x0000003ed1100000) (1024K)]
  0x0000017187bea340 JavaThread "Monitor Ctrl-Break"         daemon [_thread_in_native, id=4980, stack(0x0000003ed1300000,0x0000003ed1400000) (1024K)]
  0x0000017187bea9b0 JavaThread "Notification Thread"        daemon [_thread_blocked, id=21660, stack(0x0000003ed1400000,0x0000003ed1500000) (1024K)]
  0x00000171878078c0 JavaThread "Thread-0"                          [_thread_blocked, id=17616, stack(0x0000003ed1500000,0x0000003ed1600000) (1024K)]
  0x0000017187427070 JavaThread "Thread-1"                          [_thread_blocked, id=20528, stack(0x0000003ed1600000,0x0000003ed1700000) (1024K)]
  0x00000171874276e0 JavaThread "Thread-2"                          [_thread_blocked, id=21840, stack(0x0000003ed1700000,0x0000003ed1800000) (1024K)]
  0x0000017187d84500 JavaThread "Thread-3"                          [_thread_blocked, id=21448, stack(0x0000003ed1800000,0x0000003ed1900000) (1024K)]
  0x0000017187d84b70 JavaThread "Thread-4"                          [_thread_blocked, id=16436, stack(0x0000003ed1900000,0x0000003ed1a00000) (1024K)]
  0x0000017187be0ec0 JavaThread "Thread-5"                          [_thread_blocked, id=18596, stack(0x0000003ed1a00000,0x0000003ed1b00000) (1024K)]
  0x000001718797d200 JavaThread "Thread-6"                          [_thread_blocked, id=9844, stack(0x0000003ed1b00000,0x0000003ed1c00000) (1024K)]
  0x0000017188216520 JavaThread "Thread-7"                          [_thread_blocked, id=16188, stack(0x0000003ed1c00000,0x0000003ed1d00000) (1024K)]
  0x0000017188217240 JavaThread "Thread-8"                          [_thread_blocked, id=22356, stack(0x0000003ed1d00000,0x0000003ed1e00000) (1024K)]
  0x00000171882185f0 JavaThread "Thread-9"                          [_thread_blocked, id=13776, stack(0x0000003ed1e00000,0x0000003ed1f00000) (1024K)]
  0x0000017188217f60 JavaThread "QuantumRenderer-0"          daemon [_thread_blocked, id=19756, stack(0x0000003ed2700000,0x0000003ed2800000) (1024K)]
  0x0000017188216bb0 JavaThread "InvokeLaterDispatcher"      daemon [_thread_blocked, id=10184, stack(0x0000003ed2800000,0x0000003ed2900000) (1024K)]
  0x0000017188218c80 JavaThread "JavaFX Application Thread"         [_thread_in_native, id=22104, stack(0x0000003ed2d00000,0x0000003ed2e00000) (1024K)]
  0x0000017188219310 JavaThread "Thread-12"                  daemon [_thread_blocked, id=4128, stack(0x0000003ed2600000,0x0000003ed2700000) (1024K)]
Total: 26

Other Threads:
=>0x00000171415c38d0 VMThread "VM Thread"                           [id=11260, stack(0x0000003ed0700000,0x0000003ed0800000) (1024K)]
  0x00000171415ac3f0 WatcherThread "VM Periodic Task Thread"        [id=6096, stack(0x0000003ed0600000,0x0000003ed0700000) (1024K)]
  0x00000171228db9a0 WorkerThread "GC Thread#0"                     [id=16104, stack(0x0000003ed0100000,0x0000003ed0200000) (1024K)]
  0x000001718825fdb0 WorkerThread "GC Thread#1"                     [id=5852, stack(0x0000003ed1100000,0x0000003ed1200000) (1024K)]
  0x00000171881e5270 WorkerThread "GC Thread#2"                     [id=22252, stack(0x0000003ed1200000,0x0000003ed1300000) (1024K)]
  0x00000171881e5610 WorkerThread "GC Thread#3"                     [id=6516, stack(0x0000003ed1f00000,0x0000003ed2000000) (1024K)]
  0x00000171881e59b0 WorkerThread "GC Thread#4"                     [id=14000, stack(0x0000003ed2000000,0x0000003ed2100000) (1024K)]
  0x00000171882fbf00 WorkerThread "GC Thread#5"                     [id=3192, stack(0x0000003ed2100000,0x0000003ed2200000) (1024K)]
  0x00000171882fc720 WorkerThread "GC Thread#6"                     [id=14136, stack(0x0000003ed2200000,0x0000003ed2300000) (1024K)]
  0x00000171882e8090 WorkerThread "GC Thread#7"                     [id=13252, stack(0x0000003ed2300000,0x0000003ed2400000) (1024K)]
  0x00000171882e88b0 WorkerThread "GC Thread#8"                     [id=20376, stack(0x0000003ed2400000,0x0000003ed2500000) (1024K)]
  0x00000171882e90d0 WorkerThread "GC Thread#9"                     [id=19996, stack(0x0000003ed2500000,0x0000003ed2600000) (1024K)]
  0x00000171228ee870 ConcurrentGCThread "G1 Main Marker"            [id=21420, stack(0x0000003ed0200000,0x0000003ed0300000) (1024K)]
  0x00000171228f0220 WorkerThread "G1 Conc#0"                       [id=2020, stack(0x0000003ed0300000,0x0000003ed0400000) (1024K)]
  0x0000017187560410 WorkerThread "G1 Conc#1"                       [id=2236, stack(0x0000003ecfd00000,0x0000003ecfe00000) (1024K)]
  0x000001718755f1f0 WorkerThread "G1 Conc#2"                       [id=21824, stack(0x0000003ecfe00000,0x0000003ecff00000) (1024K)]
  0x000001712291e260 ConcurrentGCThread "G1 Refine#0"               [id=19912, stack(0x0000003ed0400000,0x0000003ed0500000) (1024K)]
  0x0000017141480050 ConcurrentGCThread "G1 Service"                [id=19376, stack(0x0000003ed0500000,0x0000003ed0600000) (1024K)]
Total: 18

Threads with active compile tasks:
Total: 0

VM state: at safepoint (normal execution)

VM Mutex/Monitor currently owned by a thread:  ([mutex/lock_event])
[0x00007ff9db52cd68] Threads_lock - owner thread: 0x00000171415c38d0
[0x00007ff9db52ce68] Heap_lock - owner thread: 0x0000017187427070

Heap address: 0x0000000704400000, size: 4028 MB, Compressed Oops mode: Zero based, Oop shift amount: 3

CDS archive(s) mapped at: [0x0000017142000000-0x0000017142c90000-0x0000017142c90000), size 13172736, SharedBaseAddress: 0x0000017142000000, ArchiveRelocationMode: 1.
Compressed class space mapped at: 0x0000017143000000-0x0000017183000000, reserved size: 1073741824
Narrow klass base: 0x0000017142000000, Narrow klass shift: 0, Narrow klass range: 0x100000000

GC Precious Log:
 CardTable entry size: 512
 Card Set container configuration: InlinePtr #cards 4 size 8 Array Of Cards #cards 16 size 48 Howl #buckets 8 coarsen threshold 3686 Howl Bitmap #cards 512 size 80 coarsen threshold 460 Card regions per heap region 1 cards per card region 4096
 CPUs: 12 total, 12 available
 Memory: 16108M
 Large Page Support: Disabled
 NUMA Support: Disabled
 Compressed Oops: Enabled (Zero based)
 Heap Region Size: 2M
 Heap Min Capacity: 8M
 Heap Initial Capacity: 252M
 Heap Max Capacity: 4028M
 Pre-touch: Disabled
 Parallel Workers: 10
 Concurrent Workers: 3
 Concurrent Refinement Workers: 10
 Periodic GC: Disabled

Heap:
 garbage-first heap   total 296960K, used 175422K [0x0000000704400000, 0x0000000800000000)
  region size 2048K, 1 young (2048K), 1 survivors (2048K)
 Metaspace       used 14053K, committed 14336K, reserved 1114112K
  class space    used 1519K, committed 1664K, reserved 1048576K

Heap Regions: E=young(eden), S=young(survivor), O=old, HS=humongous(starts), HC=humongous(continues), CS=collection set, F=free, TAMS=top-at-mark-start, PB=parsable bottom
|   0|0x0000000704400000, 0x0000000704600000, 0x0000000704600000|100%| O|  |TAMS 0x0000000704400000| PB 0x0000000704400000| Untracked 
|   1|0x0000000704600000, 0x0000000704800000, 0x0000000704800000|100%| O|  |TAMS 0x0000000704600000| PB 0x0000000704600000| Untracked 
|   2|0x0000000704800000, 0x0000000704a00000, 0x0000000704a00000|100%| O|  |TAMS 0x0000000704800000| PB 0x0000000704800000| Untracked 
|   3|0x0000000704a00000, 0x0000000704c00000, 0x0000000704c00000|100%| O|  |TAMS 0x0000000704a00000| PB 0x0000000704a00000| Untracked 
|   4|0x0000000704c00000, 0x0000000704e00000, 0x0000000704e00000|100%| O|  |TAMS 0x0000000704c00000| PB 0x0000000704c00000| Untracked 
|   5|0x0000000704e00000, 0x0000000705000000, 0x0000000705000000|100%| O|  |TAMS 0x0000000704e00000| PB 0x0000000704e00000| Untracked 
|   6|0x0000000705000000, 0x0000000705200000, 0x0000000705200000|100%| O|  |TAMS 0x0000000705000000| PB 0x0000000705000000| Untracked 
|   7|0x0000000705200000, 0x0000000705400000, 0x0000000705400000|100%| O|  |TAMS 0x0000000705200000| PB 0x0000000705200000| Untracked 
|   8|0x0000000705400000, 0x0000000705600000, 0x0000000705600000|100%| O|Cm|TAMS 0x0000000705400000| PB 0x0000000705400000| Complete 
|   9|0x0000000705600000, 0x0000000705800000, 0x0000000705800000|100%| O|  |TAMS 0x0000000705600000| PB 0x0000000705600000| Untracked 
|  10|0x0000000705800000, 0x0000000705a00000, 0x0000000705a00000|100%| O|Cm|TAMS 0x0000000705800000| PB 0x0000000705800000| Complete 
|  11|0x0000000705a00000, 0x0000000705c00000, 0x0000000705c00000|100%| O|  |TAMS 0x0000000705a00000| PB 0x0000000705a00000| Untracked 
|  12|0x0000000705c00000, 0x0000000705e00000, 0x0000000705e00000|100%| O|  |TAMS 0x0000000705c00000| PB 0x0000000705c00000| Untracked 
|  13|0x0000000705e00000, 0x0000000706000000, 0x0000000706000000|100%| O|  |TAMS 0x0000000705e00000| PB 0x0000000705e00000| Untracked 
|  14|0x0000000706000000, 0x0000000706200000, 0x0000000706200000|100%| O|  |TAMS 0x0000000706000000| PB 0x0000000706000000| Untracked 
|  15|0x0000000706200000, 0x0000000706400000, 0x0000000706400000|100%| O|  |TAMS 0x0000000706200000| PB 0x0000000706200000| Untracked 
|  16|0x0000000706400000, 0x0000000706600000, 0x0000000706600000|100%| O|  |TAMS 0x0000000706400000| PB 0x0000000706400000| Untracked 
|  17|0x0000000706600000, 0x0000000706800000, 0x0000000706800000|100%| O|  |TAMS 0x0000000706600000| PB 0x0000000706600000| Untracked 
|  18|0x0000000706800000, 0x0000000706a00000, 0x0000000706a00000|100%| O|  |TAMS 0x0000000706800000| PB 0x0000000706800000| Untracked 
|  19|0x0000000706a00000, 0x0000000706c00000, 0x0000000706c00000|100%| O|  |TAMS 0x0000000706a00000| PB 0x0000000706a00000| Untracked 
|  20|0x0000000706c00000, 0x0000000706e00000, 0x0000000706e00000|100%| O|  |TAMS 0x0000000706c00000| PB 0x0000000706c00000| Untracked 
|  21|0x0000000706e00000, 0x0000000707000000, 0x0000000707000000|100%| O|  |TAMS 0x0000000706e00000| PB 0x0000000706e00000| Untracked 
|  22|0x0000000707000000, 0x0000000707200000, 0x0000000707200000|100%| O|  |TAMS 0x0000000707000000| PB 0x0000000707000000| Untracked 
|  23|0x0000000707200000, 0x0000000707400000, 0x0000000707400000|100%| O|  |TAMS 0x0000000707200000| PB 0x0000000707200000| Untracked 
|  24|0x0000000707400000, 0x0000000707600000, 0x0000000707600000|100%| O|  |TAMS 0x0000000707400000| PB 0x0000000707400000| Untracked 
|  25|0x0000000707600000, 0x0000000707800000, 0x0000000707800000|100%| O|  |TAMS 0x0000000707600000| PB 0x0000000707600000| Untracked 
|  26|0x0000000707800000, 0x0000000707a00000, 0x0000000707a00000|100%| O|  |TAMS 0x0000000707800000| PB 0x0000000707800000| Untracked 
|  27|0x0000000707a00000, 0x0000000707c00000, 0x0000000707c00000|100%| O|  |TAMS 0x0000000707a00000| PB 0x0000000707a00000| Untracked 
|  28|0x0000000707c00000, 0x0000000707e00000, 0x0000000707e00000|100%| O|  |TAMS 0x0000000707c00000| PB 0x0000000707c00000| Untracked 
|  29|0x0000000707e00000, 0x0000000708000000, 0x0000000708000000|100%| O|  |TAMS 0x0000000707e00000| PB 0x0000000707e00000| Untracked 
|  30|0x0000000708000000, 0x0000000708200000, 0x0000000708200000|100%| O|  |TAMS 0x0000000708000000| PB 0x0000000708000000| Untracked 
|  31|0x0000000708200000, 0x0000000708400000, 0x0000000708400000|100%| O|  |TAMS 0x0000000708200000| PB 0x0000000708200000| Untracked 
|  32|0x0000000708400000, 0x0000000708600000, 0x0000000708600000|100%| O|  |TAMS 0x0000000708400000| PB 0x0000000708400000| Untracked 
|  33|0x0000000708600000, 0x0000000708800000, 0x0000000708800000|100%| O|  |TAMS 0x0000000708600000| PB 0x0000000708600000| Untracked 
|  34|0x0000000708800000, 0x0000000708a00000, 0x0000000708a00000|100%| O|  |TAMS 0x0000000708800000| PB 0x0000000708800000| Untracked 
|  35|0x0000000708a00000, 0x0000000708c00000, 0x0000000708c00000|100%| O|  |TAMS 0x0000000708a00000| PB 0x0000000708a00000| Untracked 
|  36|0x0000000708c00000, 0x0000000708e00000, 0x0000000708e00000|100%| O|  |TAMS 0x0000000708c00000| PB 0x0000000708c00000| Untracked 
|  37|0x0000000708e00000, 0x0000000709000000, 0x0000000709000000|100%| O|  |TAMS 0x0000000708e00000| PB 0x0000000708e00000| Untracked 
|  38|0x0000000709000000, 0x0000000709200000, 0x0000000709200000|100%| O|  |TAMS 0x0000000709000000| PB 0x0000000709000000| Untracked 
|  39|0x0000000709200000, 0x0000000709400000, 0x0000000709400000|100%| O|  |TAMS 0x0000000709200000| PB 0x0000000709200000| Untracked 
|  40|0x0000000709400000, 0x0000000709600000, 0x0000000709600000|100%| O|  |TAMS 0x0000000709400000| PB 0x0000000709400000| Untracked 
|  41|0x0000000709600000, 0x0000000709800000, 0x0000000709800000|100%| O|  |TAMS 0x0000000709600000| PB 0x0000000709600000| Untracked 
|  42|0x0000000709800000, 0x0000000709a00000, 0x0000000709a00000|100%| O|  |TAMS 0x0000000709800000| PB 0x0000000709800000| Untracked 
|  43|0x0000000709a00000, 0x0000000709c00000, 0x0000000709c00000|100%| O|  |TAMS 0x0000000709a00000| PB 0x0000000709a00000| Untracked 
|  44|0x0000000709c00000, 0x0000000709e00000, 0x0000000709e00000|100%| O|  |TAMS 0x0000000709c00000| PB 0x0000000709c00000| Untracked 
|  45|0x0000000709e00000, 0x000000070a000000, 0x000000070a000000|100%| O|  |TAMS 0x0000000709e00000| PB 0x0000000709e00000| Untracked 
|  46|0x000000070a000000, 0x000000070a200000, 0x000000070a200000|100%| O|  |TAMS 0x000000070a000000| PB 0x000000070a000000| Untracked 
|  47|0x000000070a200000, 0x000000070a400000, 0x000000070a400000|100%| O|  |TAMS 0x000000070a200000| PB 0x000000070a200000| Untracked 
|  48|0x000000070a400000, 0x000000070a600000, 0x000000070a600000|100%| O|  |TAMS 0x000000070a400000| PB 0x000000070a400000| Untracked 
|  49|0x000000070a600000, 0x000000070a800000, 0x000000070a800000|100%| O|  |TAMS 0x000000070a600000| PB 0x000000070a600000| Untracked 
|  50|0x000000070a800000, 0x000000070aa00000, 0x000000070aa00000|100%| O|  |TAMS 0x000000070a800000| PB 0x000000070a800000| Untracked 
|  51|0x000000070aa00000, 0x000000070ac00000, 0x000000070ac00000|100%| O|  |TAMS 0x000000070aa00000| PB 0x000000070aa00000| Untracked 
|  52|0x000000070ac00000, 0x000000070ae00000, 0x000000070ae00000|100%| O|  |TAMS 0x000000070ac00000| PB 0x000000070ac00000| Untracked 
|  53|0x000000070ae00000, 0x000000070b000000, 0x000000070b000000|100%| O|  |TAMS 0x000000070ae00000| PB 0x000000070ae00000| Untracked 
|  54|0x000000070b000000, 0x000000070b200000, 0x000000070b200000|100%| O|  |TAMS 0x000000070b000000| PB 0x000000070b000000| Untracked 
|  55|0x000000070b200000, 0x000000070b400000, 0x000000070b400000|100%| O|  |TAMS 0x000000070b200000| PB 0x000000070b200000| Untracked 
|  56|0x000000070b400000, 0x000000070b600000, 0x000000070b600000|100%| O|  |TAMS 0x000000070b400000| PB 0x000000070b400000| Untracked 
|  57|0x000000070b600000, 0x000000070b800000, 0x000000070b800000|100%| O|  |TAMS 0x000000070b600000| PB 0x000000070b600000| Untracked 
|  58|0x000000070b800000, 0x000000070ba00000, 0x000000070ba00000|100%| O|  |TAMS 0x000000070b800000| PB 0x000000070b800000| Untracked 
|  59|0x000000070ba00000, 0x000000070bc00000, 0x000000070bc00000|100%| O|  |TAMS 0x000000070ba00000| PB 0x000000070ba00000| Untracked 
|  60|0x000000070bc00000, 0x000000070be00000, 0x000000070be00000|100%| O|  |TAMS 0x000000070bc00000| PB 0x000000070bc00000| Untracked 
|  61|0x000000070be00000, 0x000000070c000000, 0x000000070c000000|100%| O|  |TAMS 0x000000070be00000| PB 0x000000070be00000| Untracked 
|  62|0x000000070c000000, 0x000000070c200000, 0x000000070c200000|100%| O|  |TAMS 0x000000070c000000| PB 0x000000070c000000| Untracked 
|  63|0x000000070c200000, 0x000000070c400000, 0x000000070c400000|100%| O|  |TAMS 0x000000070c200000| PB 0x000000070c200000| Untracked 
|  64|0x000000070c400000, 0x000000070c600000, 0x000000070c600000|100%| O|  |TAMS 0x000000070c400000| PB 0x000000070c400000| Untracked 
|  65|0x000000070c600000, 0x000000070c800000, 0x000000070c800000|100%| O|  |TAMS 0x000000070c600000| PB 0x000000070c600000| Untracked 
|  66|0x000000070c800000, 0x000000070ca00000, 0x000000070ca00000|100%| O|  |TAMS 0x000000070c800000| PB 0x000000070c800000| Untracked 
|  67|0x000000070ca00000, 0x000000070cc00000, 0x000000070cc00000|100%| O|  |TAMS 0x000000070ca00000| PB 0x000000070ca00000| Untracked 
|  68|0x000000070cc00000, 0x000000070ce00000, 0x000000070ce00000|100%| O|  |TAMS 0x000000070cc00000| PB 0x000000070cc00000| Untracked 
|  69|0x000000070ce00000, 0x000000070d000000, 0x000000070d000000|100%| O|  |TAMS 0x000000070ce00000| PB 0x000000070ce00000| Untracked 
|  70|0x000000070d000000, 0x000000070d200000, 0x000000070d200000|100%| O|  |TAMS 0x000000070d000000| PB 0x000000070d000000| Untracked 
|  71|0x000000070d200000, 0x000000070d400000, 0x000000070d400000|100%| O|  |TAMS 0x000000070d200000| PB 0x000000070d200000| Untracked 
|  72|0x000000070d400000, 0x000000070d600000, 0x000000070d600000|100%| O|  |TAMS 0x000000070d400000| PB 0x000000070d400000| Untracked 
|  73|0x000000070d600000, 0x000000070d800000, 0x000000070d800000|100%| O|  |TAMS 0x000000070d600000| PB 0x000000070d600000| Untracked 
|  74|0x000000070d800000, 0x000000070da00000, 0x000000070da00000|100%| O|  |TAMS 0x000000070d800000| PB 0x000000070d800000| Untracked 
|  75|0x000000070da00000, 0x000000070dc00000, 0x000000070dc00000|100%| O|  |TAMS 0x000000070da00000| PB 0x000000070da00000| Untracked 
|  76|0x000000070dc00000, 0x000000070de00000, 0x000000070de00000|100%| O|  |TAMS 0x000000070dc00000| PB 0x000000070dc00000| Untracked 
|  77|0x000000070de00000, 0x000000070e000000, 0x000000070e000000|100%| O|  |TAMS 0x000000070de00000| PB 0x000000070de00000| Untracked 
|  78|0x000000070e000000, 0x000000070e200000, 0x000000070e200000|100%| O|  |TAMS 0x000000070e000000| PB 0x000000070e000000| Untracked 
|  79|0x000000070e200000, 0x000000070e400000, 0x000000070e400000|100%| O|  |TAMS 0x000000070e200000| PB 0x000000070e200000| Untracked 
|  80|0x000000070e400000, 0x000000070e600000, 0x000000070e600000|100%| O|  |TAMS 0x000000070e400000| PB 0x000000070e400000| Untracked 
|  81|0x000000070e600000, 0x000000070e800000, 0x000000070e800000|100%| O|  |TAMS 0x000000070e600000| PB 0x000000070e600000| Untracked 
|  82|0x000000070e800000, 0x000000070ea00000, 0x000000070ea00000|100%| O|  |TAMS 0x000000070e800000| PB 0x000000070e800000| Untracked 
|  83|0x000000070ea00000, 0x000000070ec00000, 0x000000070ec00000|100%| O|  |TAMS 0x000000070ea00000| PB 0x000000070ea00000| Untracked 
|  84|0x000000070ec00000, 0x000000070ee00000, 0x000000070ee00000|100%| O|  |TAMS 0x000000070ec00000| PB 0x000000070ec00000| Untracked 
|  85|0x000000070ee00000, 0x000000070eeee468, 0x000000070f000000| 46%| O|  |TAMS 0x000000070ee00000| PB 0x000000070ee00000| Untracked 
|  86|0x000000070f000000, 0x000000070f000000, 0x000000070f200000|  0%| F|  |TAMS 0x000000070f000000| PB 0x000000070f000000| Untracked 
|  87|0x000000070f200000, 0x000000070f200000, 0x000000070f400000|  0%| F|  |TAMS 0x000000070f200000| PB 0x000000070f200000| Untracked 
|  88|0x000000070f400000, 0x000000070f400000, 0x000000070f600000|  0%| F|  |TAMS 0x000000070f400000| PB 0x000000070f400000| Untracked 
|  89|0x000000070f600000, 0x000000070f600000, 0x000000070f800000|  0%| F|  |TAMS 0x000000070f600000| PB 0x000000070f600000| Untracked 
|  90|0x000000070f800000, 0x000000070f800000, 0x000000070fa00000|  0%| F|  |TAMS 0x000000070f800000| PB 0x000000070f800000| Untracked 
|  91|0x000000070fa00000, 0x000000070fa00000, 0x000000070fc00000|  0%| F|  |TAMS 0x000000070fa00000| PB 0x000000070fa00000| Untracked 
|  92|0x000000070fc00000, 0x000000070fc00000, 0x000000070fe00000|  0%| F|  |TAMS 0x000000070fc00000| PB 0x000000070fc00000| Untracked 
|  93|0x000000070fe00000, 0x000000070fe00000, 0x0000000710000000|  0%| F|  |TAMS 0x000000070fe00000| PB 0x000000070fe00000| Untracked 
|  94|0x0000000710000000, 0x0000000710000000, 0x0000000710200000|  0%| F|  |TAMS 0x0000000710000000| PB 0x0000000710000000| Untracked 
|  95|0x0000000710200000, 0x0000000710200000, 0x0000000710400000|  0%| F|  |TAMS 0x0000000710200000| PB 0x0000000710200000| Untracked 
|  96|0x0000000710400000, 0x0000000710400000, 0x0000000710600000|  0%| F|  |TAMS 0x0000000710400000| PB 0x0000000710400000| Untracked 
|  97|0x0000000710600000, 0x0000000710600000, 0x0000000710800000|  0%| F|  |TAMS 0x0000000710600000| PB 0x0000000710600000| Untracked 
|  98|0x0000000710800000, 0x0000000710800000, 0x0000000710a00000|  0%| F|  |TAMS 0x0000000710800000| PB 0x0000000710800000| Untracked 
|  99|0x0000000710a00000, 0x0000000710a00000, 0x0000000710c00000|  0%| F|  |TAMS 0x0000000710a00000| PB 0x0000000710a00000| Untracked 
| 100|0x0000000710c00000, 0x0000000710c00000, 0x0000000710e00000|  0%| F|  |TAMS 0x0000000710c00000| PB 0x0000000710c00000| Untracked 
| 101|0x0000000710e00000, 0x0000000710e00000, 0x0000000711000000|  0%| F|  |TAMS 0x0000000710e00000| PB 0x0000000710e00000| Untracked 
| 102|0x0000000711000000, 0x0000000711000000, 0x0000000711200000|  0%| F|  |TAMS 0x0000000711000000| PB 0x0000000711000000| Untracked 
| 103|0x0000000711200000, 0x0000000711200000, 0x0000000711400000|  0%| F|  |TAMS 0x0000000711200000| PB 0x0000000711200000| Untracked 
| 104|0x0000000711400000, 0x0000000711400000, 0x0000000711600000|  0%| F|  |TAMS 0x0000000711400000| PB 0x0000000711400000| Untracked 
| 105|0x0000000711600000, 0x0000000711600000, 0x0000000711800000|  0%| F|  |TAMS 0x0000000711600000| PB 0x0000000711600000| Untracked 
| 106|0x0000000711800000, 0x0000000711800000, 0x0000000711a00000|  0%| F|  |TAMS 0x0000000711800000| PB 0x0000000711800000| Untracked 
| 107|0x0000000711a00000, 0x0000000711a00000, 0x0000000711c00000|  0%| F|  |TAMS 0x0000000711a00000| PB 0x0000000711a00000| Untracked 
| 108|0x0000000711c00000, 0x0000000711c00000, 0x0000000711e00000|  0%| F|  |TAMS 0x0000000711c00000| PB 0x0000000711c00000| Untracked 
| 109|0x0000000711e00000, 0x0000000711e00000, 0x0000000712000000|  0%| F|  |TAMS 0x0000000711e00000| PB 0x0000000711e00000| Untracked 
| 110|0x0000000712000000, 0x0000000712000000, 0x0000000712200000|  0%| F|  |TAMS 0x0000000712000000| PB 0x0000000712000000| Untracked 
| 111|0x0000000712200000, 0x0000000712200000, 0x0000000712400000|  0%| F|  |TAMS 0x0000000712200000| PB 0x0000000712200000| Untracked 
| 112|0x0000000712400000, 0x0000000712400000, 0x0000000712600000|  0%| F|  |TAMS 0x0000000712400000| PB 0x0000000712400000| Untracked 
| 113|0x0000000712600000, 0x0000000712600000, 0x0000000712800000|  0%| F|  |TAMS 0x0000000712600000| PB 0x0000000712600000| Untracked 
| 114|0x0000000712800000, 0x0000000712800000, 0x0000000712a00000|  0%| F|  |TAMS 0x0000000712800000| PB 0x0000000712800000| Untracked 
| 115|0x0000000712a00000, 0x0000000712a00000, 0x0000000712c00000|  0%| F|  |TAMS 0x0000000712a00000| PB 0x0000000712a00000| Untracked 
| 116|0x0000000712c00000, 0x0000000712c00000, 0x0000000712e00000|  0%| F|  |TAMS 0x0000000712c00000| PB 0x0000000712c00000| Untracked 
| 117|0x0000000712e00000, 0x0000000712e00000, 0x0000000713000000|  0%| F|  |TAMS 0x0000000712e00000| PB 0x0000000712e00000| Untracked 
| 118|0x0000000713000000, 0x0000000713000000, 0x0000000713200000|  0%| F|  |TAMS 0x0000000713000000| PB 0x0000000713000000| Untracked 
| 119|0x0000000713200000, 0x0000000713200000, 0x0000000713400000|  0%| F|  |TAMS 0x0000000713200000| PB 0x0000000713200000| Untracked 
| 120|0x0000000713400000, 0x0000000713400000, 0x0000000713600000|  0%| F|  |TAMS 0x0000000713400000| PB 0x0000000713400000| Untracked 
| 121|0x0000000713600000, 0x0000000713600000, 0x0000000713800000|  0%| F|  |TAMS 0x0000000713600000| PB 0x0000000713600000| Untracked 
| 122|0x0000000713800000, 0x0000000713800000, 0x0000000713a00000|  0%| F|  |TAMS 0x0000000713800000| PB 0x0000000713800000| Untracked 
| 123|0x0000000713a00000, 0x0000000713a00000, 0x0000000713c00000|  0%| F|  |TAMS 0x0000000713a00000| PB 0x0000000713a00000| Untracked 
| 124|0x0000000713c00000, 0x0000000713c00000, 0x0000000713e00000|  0%| F|  |TAMS 0x0000000713c00000| PB 0x0000000713c00000| Untracked 
| 125|0x0000000713e00000, 0x0000000713e00000, 0x0000000714000000|  0%| F|  |TAMS 0x0000000713e00000| PB 0x0000000713e00000| Untracked 
| 126|0x0000000714000000, 0x0000000714000000, 0x0000000714200000|  0%| F|  |TAMS 0x0000000714000000| PB 0x0000000714000000| Untracked 
| 127|0x0000000714200000, 0x0000000714200000, 0x0000000714400000|  0%| F|  |TAMS 0x0000000714200000| PB 0x0000000714200000| Untracked 
| 128|0x0000000714400000, 0x0000000714400000, 0x0000000714600000|  0%| F|  |TAMS 0x0000000714400000| PB 0x0000000714400000| Untracked 
| 129|0x0000000714600000, 0x0000000714600000, 0x0000000714800000|  0%| F|  |TAMS 0x0000000714600000| PB 0x0000000714600000| Untracked 
| 130|0x0000000714800000, 0x0000000714800000, 0x0000000714a00000|  0%| F|  |TAMS 0x0000000714800000| PB 0x0000000714800000| Untracked 
| 131|0x0000000714a00000, 0x0000000714a00000, 0x0000000714c00000|  0%| F|  |TAMS 0x0000000714a00000| PB 0x0000000714a00000| Untracked 
| 132|0x0000000714c00000, 0x0000000714c61668, 0x0000000714e00000| 19%| S|CS|TAMS 0x0000000714c00000| PB 0x0000000714c00000| Complete 
| 133|0x0000000714e00000, 0x0000000714e00000, 0x0000000715000000|  0%| F|  |TAMS 0x0000000714e00000| PB 0x0000000714e00000| Untracked 
| 134|0x0000000715000000, 0x0000000715000000, 0x0000000715200000|  0%| F|  |TAMS 0x0000000715000000| PB 0x0000000715000000| Untracked 
| 135|0x0000000715200000, 0x0000000715200000, 0x0000000715400000|  0%| F|  |TAMS 0x0000000715200000| PB 0x0000000715200000| Untracked 
| 136|0x0000000715400000, 0x0000000715400000, 0x0000000715600000|  0%| F|  |TAMS 0x0000000715400000| PB 0x0000000715400000| Untracked 
| 137|0x0000000715600000, 0x0000000715600000, 0x0000000715800000|  0%| F|  |TAMS 0x0000000715600000| PB 0x0000000715600000| Untracked 
| 138|0x0000000715800000, 0x0000000715800000, 0x0000000715a00000|  0%| F|  |TAMS 0x0000000715800000| PB 0x0000000715800000| Untracked 
| 139|0x0000000715a00000, 0x0000000715a00000, 0x0000000715c00000|  0%| F|  |TAMS 0x0000000715a00000| PB 0x0000000715a00000| Untracked 
| 140|0x0000000715c00000, 0x0000000715c00000, 0x0000000715e00000|  0%| F|  |TAMS 0x0000000715c00000| PB 0x0000000715c00000| Untracked 
| 141|0x0000000715e00000, 0x0000000715e00000, 0x0000000716000000|  0%| F|  |TAMS 0x0000000715e00000| PB 0x0000000715e00000| Untracked 
| 142|0x0000000716000000, 0x0000000716000000, 0x0000000716200000|  0%| F|  |TAMS 0x0000000716000000| PB 0x0000000716000000| Untracked 
| 143|0x0000000716200000, 0x0000000716200000, 0x0000000716400000|  0%| F|  |TAMS 0x0000000716200000| PB 0x0000000716200000| Untracked 
| 144|0x0000000716400000, 0x0000000716400000, 0x0000000716600000|  0%| F|  |TAMS 0x0000000716400000| PB 0x0000000716400000| Untracked 

Card table byte_map: [0x000001713a9f0000,0x000001713b1d0000] _byte_map_base: 0x00000171371ce000

Marking Bits: (CMBitMap*) 0x00000171228dc0a0
 Bits: [0x000001713b1d0000, 0x000001713f0c0000)

Polling page: 0x00000171207d0000

Metaspace:

Usage:
  Non-class:     12.24 MB used.
      Class:      1.48 MB used.
       Both:     13.72 MB used.

Virtual space:
  Non-class space:       64.00 MB reserved,      12.38 MB ( 19%) committed,  1 nodes.
      Class space:        1.00 GB reserved,       1.62 MB ( <1%) committed,  1 nodes.
             Both:        1.06 GB reserved,      14.00 MB (  1%) committed. 

Chunk freelists:
   Non-Class:  3.07 MB
       Class:  14.36 MB
        Both:  17.42 MB

MaxMetaspaceSize: unlimited
CompressedClassSpaceSize: 1.00 GB
Initial GC threshold: 21.00 MB
Current GC threshold: 23.12 MB
CDS: on
 - commit_granule_bytes: 65536.
 - commit_granule_words: 8192.
 - virtual_space_node_default_size: 8388608.
 - enlarge_chunks_in_place: 1.
 - use_allocation_guard: 0.


Internal statistics:

num_allocs_failed_limit: 0.
num_arena_births: 254.
num_arena_deaths: 0.
num_vsnodes_births: 2.
num_vsnodes_deaths: 0.
num_space_committed: 224.
num_space_uncommitted: 0.
num_chunks_returned_to_freelist: 0.
num_chunks_taken_from_freelist: 542.
num_chunk_merges: 0.
num_chunk_splits: 346.
num_chunks_enlarged: 216.
num_inconsistent_stats: 0.

CodeHeap 'non-profiled nmethods': size=120000Kb used=1282Kb max_used=1282Kb free=118717Kb
 bounds [0x0000017132790000, 0x0000017132a00000, 0x0000017139cc0000]
CodeHeap 'profiled nmethods': size=120000Kb used=5631Kb max_used=5631Kb free=114368Kb
 bounds [0x000001712acc0000, 0x000001712b240000, 0x00000171321f0000]
CodeHeap 'non-nmethods': size=5760Kb used=1575Kb max_used=1606Kb free=4184Kb
 bounds [0x00000171321f0000, 0x0000017132460000, 0x0000017132790000]
 total_blobs=3405 nmethods=2775 adapters=534
 compilation: enabled
              stopped_count=0, restarted_count=0
 full_count=0

Compilation events (20 events):
Event: 221.544 Thread 0x0000017187007bb0 2766   !   4       com.google.gson.Gson::getAdapter (257 bytes)
Event: 221.552 Thread 0x0000017187007bb0 nmethod 2766 0x00000171328c9f10 code [0x00000171328ca200, 0x00000171328cacd8]
Event: 244.547 Thread 0x0000017187009000 2767       3       message.server.ServerMessage::<init> (87 bytes)
Event: 244.549 Thread 0x0000017187009000 nmethod 2767 0x000001712b238b90 code [0x000001712b238e80, 0x000001712b23a238]
Event: 247.175 Thread 0x0000017187009000 2768       3       server.controller.GameController.GameMenuController::<init> (66 bytes)
Event: 247.175 Thread 0x0000017187009000 nmethod 2768 0x000001712b23a690 code [0x000001712b23a8e0, 0x000001712b23b3d0]
Event: 248.177 Thread 0x0000017187007bb0 2769       4       com.google.gson.stream.JsonWriter::string (169 bytes)
Event: 248.210 Thread 0x0000017187007bb0 nmethod 2769 0x00000171328cb990 code [0x00000171328cbd40, 0x00000171328cec50]
Event: 249.237 Thread 0x0000017187007bb0 2770       4       jdk.internal.reflect.MethodHandleIntegerFieldAccessorImpl::get (9 bytes)
Event: 249.242 Thread 0x0000017187007bb0 nmethod 2770 0x00000171328d0190 code [0x00000171328d0360, 0x00000171328d0630]
Event: 249.756 Thread 0x0000017187009000 2771       3       server.controller.GameController.GameMenuController::isOver (144 bytes)
Event: 249.757 Thread 0x0000017187009000 nmethod 2771 0x000001712b23b790 code [0x000001712b23ba20, 0x000001712b23c5b8]
Event: 251.238 Thread 0x0000017187009000 2772       3       server.model.toolClasses.Result::<init> (15 bytes)
Event: 251.239 Thread 0x0000017187009000 nmethod 2772 0x000001712b23c910 code [0x000001712b23cac0, 0x000001712b23cc90]
Event: 260.759 Thread 0x0000017187009000 2773       3       server.controller.GameController.GameMenuController::getGame (60 bytes)
Event: 260.760 Thread 0x0000017187009000 nmethod 2773 0x000001712b23cd90 code [0x000001712b23cfa0, 0x000001712b23d6d8]
Event: 264.550 Thread 0x0000017187009000 2774       3       server.controller.MessageController.PreGameMessageController::checkServerInPreGame (65 bytes)
Event: 264.551 Thread 0x0000017187009000 nmethod 2774 0x000001712b23d990 code [0x000001712b23dba0, 0x000001712b23e098]
Event: 264.756 Thread 0x0000017187009000 2775       3       server.controller.MessageController.GameMessageController::checkServer (288 bytes)
Event: 264.758 Thread 0x0000017187009000 nmethod 2775 0x000001712b23e290 code [0x000001712b23e5e0, 0x000001712b23f868]

GC Heap History (13 events):
Event: 1.049 GC heap before
{Heap before GC invocations=0 (full 0):
 garbage-first heap   total 258048K, used 22528K [0x0000000704400000, 0x0000000800000000)
  region size 2048K, 11 young (22528K), 0 survivors (0K)
 Metaspace       used 3109K, committed 3264K, reserved 1114112K
  class space    used 277K, committed 320K, reserved 1048576K
}
Event: 1.053 GC heap after
{Heap after GC invocations=1 (full 0):
 garbage-first heap   total 258048K, used 4308K [0x0000000704400000, 0x0000000800000000)
  region size 2048K, 2 young (4096K), 2 survivors (4096K)
 Metaspace       used 3109K, committed 3264K, reserved 1114112K
  class space    used 277K, committed 320K, reserved 1048576K
}
Event: 39.334 GC heap before
{Heap before GC invocations=1 (full 0):
 garbage-first heap   total 258048K, used 37076K [0x0000000704400000, 0x0000000800000000)
  region size 2048K, 19 young (38912K), 2 survivors (4096K)
 Metaspace       used 13235K, committed 13440K, reserved 1114112K
  class space    used 1454K, committed 1536K, reserved 1048576K
}
Event: 39.339 GC heap after
{Heap after GC invocations=2 (full 0):
 garbage-first heap   total 258048K, used 13592K [0x0000000704400000, 0x0000000800000000)
  region size 2048K, 3 young (6144K), 3 survivors (6144K)
 Metaspace       used 13235K, committed 13440K, reserved 1114112K
  class space    used 1454K, committed 1536K, reserved 1048576K
}
Event: 39.542 GC heap before
{Heap before GC invocations=2 (full 0):
 garbage-first heap   total 258048K, used 72984K [0x0000000704400000, 0x0000000800000000)
  region size 2048K, 33 young (67584K), 3 survivors (6144K)
 Metaspace       used 13260K, committed 13440K, reserved 1114112K
  class space    used 1454K, committed 1536K, reserved 1048576K
}
Event: 39.553 GC heap after
{Heap after GC invocations=3 (full 0):
 garbage-first heap   total 258048K, used 73541K [0x0000000704400000, 0x0000000800000000)
  region size 2048K, 5 young (10240K), 5 survivors (10240K)
 Metaspace       used 13260K, committed 13440K, reserved 1114112K
  class space    used 1454K, committed 1536K, reserved 1048576K
}
Event: 39.666 GC heap before
{Heap before GC invocations=3 (full 0):
 garbage-first heap   total 258048K, used 108357K [0x0000000704400000, 0x0000000800000000)
  region size 2048K, 23 young (47104K), 5 survivors (10240K)
 Metaspace       used 13270K, committed 13440K, reserved 1114112K
  class space    used 1454K, committed 1536K, reserved 1048576K
}
Event: 39.674 GC heap after
{Heap after GC invocations=4 (full 0):
 garbage-first heap   total 258048K, used 110405K [0x0000000704400000, 0x0000000800000000)
  region size 2048K, 3 young (6144K), 3 survivors (6144K)
 Metaspace       used 13270K, committed 13440K, reserved 1114112K
  class space    used 1454K, committed 1536K, reserved 1048576K
}
Event: 39.804 GC heap before
{Heap before GC invocations=4 (full 0):
 garbage-first heap   total 258048K, used 151365K [0x0000000704400000, 0x0000000800000000)
  region size 2048K, 24 young (49152K), 3 survivors (6144K)
 Metaspace       used 13282K, committed 13504K, reserved 1114112K
  class space    used 1454K, committed 1536K, reserved 1048576K
}
Event: 39.812 GC heap after
{Heap after GC invocations=5 (full 0):
 garbage-first heap   total 258048K, used 152482K [0x0000000704400000, 0x0000000800000000)
  region size 2048K, 3 young (6144K), 3 survivors (6144K)
 Metaspace       used 13282K, committed 13504K, reserved 1114112K
  class space    used 1454K, committed 1536K, reserved 1048576K
}
Event: 129.549 GC heap before
{Heap before GC invocations=5 (full 0):
 garbage-first heap   total 258048K, used 185250K [0x0000000704400000, 0x0000000800000000)
  region size 2048K, 20 young (40960K), 3 survivors (6144K)
 Metaspace       used 13885K, committed 14208K, reserved 1114112K
  class space    used 1518K, committed 1664K, reserved 1048576K
}
Event: 129.560 GC heap after
{Heap after GC invocations=6 (full 0):
 garbage-first heap   total 258048K, used 175073K [0x0000000704400000, 0x0000000800000000)
  region size 2048K, 3 young (6144K), 3 survivors (6144K)
 Metaspace       used 13885K, committed 14208K, reserved 1114112K
  class space    used 1518K, committed 1664K, reserved 1048576K
}
Event: 266.543 GC heap before
{Heap before GC invocations=7 (full 0):
 garbage-first heap   total 296960K, used 201697K [0x0000000704400000, 0x0000000800000000)
  region size 2048K, 16 young (32768K), 3 survivors (6144K)
 Metaspace       used 14053K, committed 14336K, reserved 1114112K
  class space    used 1519K, committed 1664K, reserved 1048576K
}

Dll operation events (20 events):
Event: 39.133 Loaded shared library C:\Users\LENOVO\.openjfx\cache\19.0.2.1+1\amd64\api-ms-win-crt-heap-l1-1-0.dll
Event: 39.134 Loaded shared library C:\Users\LENOVO\.openjfx\cache\19.0.2.1+1\amd64\api-ms-win-crt-locale-l1-1-0.dll
Event: 39.136 Loaded shared library C:\Users\LENOVO\.openjfx\cache\19.0.2.1+1\amd64\api-ms-win-crt-math-l1-1-0.dll
Event: 39.138 Loaded shared library C:\Users\LENOVO\.openjfx\cache\19.0.2.1+1\amd64\api-ms-win-crt-multibyte-l1-1-0.dll
Event: 39.139 Loaded shared library C:\Users\LENOVO\.openjfx\cache\19.0.2.1+1\amd64\api-ms-win-crt-private-l1-1-0.dll
Event: 39.140 Loaded shared library C:\Users\LENOVO\.openjfx\cache\19.0.2.1+1\amd64\api-ms-win-crt-process-l1-1-0.dll
Event: 39.141 Loaded shared library C:\Users\LENOVO\.openjfx\cache\19.0.2.1+1\amd64\api-ms-win-crt-runtime-l1-1-0.dll
Event: 39.142 Loaded shared library C:\Users\LENOVO\.openjfx\cache\19.0.2.1+1\amd64\api-ms-win-crt-stdio-l1-1-0.dll
Event: 39.144 Loaded shared library C:\Users\LENOVO\.openjfx\cache\19.0.2.1+1\amd64\api-ms-win-crt-string-l1-1-0.dll
Event: 39.145 Loaded shared library C:\Users\LENOVO\.openjfx\cache\19.0.2.1+1\amd64\api-ms-win-crt-time-l1-1-0.dll
Event: 39.147 Loaded shared library C:\Users\LENOVO\.openjfx\cache\19.0.2.1+1\amd64\api-ms-win-crt-utility-l1-1-0.dll
Event: 39.157 Loaded shared library C:\Users\LENOVO\.openjfx\cache\19.0.2.1+1\amd64\ucrtbase.dll
Event: 39.159 Loaded shared library C:\Users\LENOVO\.openjfx\cache\19.0.2.1+1\amd64\vcruntime140.dll
Event: 39.161 Loaded shared library C:\Users\LENOVO\.openjfx\cache\19.0.2.1+1\amd64\vcruntime140_1.dll
Event: 39.166 Loaded shared library C:\Users\LENOVO\.openjfx\cache\19.0.2.1+1\amd64\msvcp140.dll
Event: 39.168 Loaded shared library C:\Users\LENOVO\.openjfx\cache\19.0.2.1+1\amd64\msvcp140_1.dll
Event: 39.171 Loaded shared library C:\Users\LENOVO\.openjfx\cache\19.0.2.1+1\amd64\msvcp140_2.dll
Event: 39.188 Loaded shared library C:\Users\LENOVO\.openjfx\cache\19.0.2.1+1\amd64\prism_d3d.dll
Event: 39.256 Loaded shared library C:\Users\LENOVO\.openjfx\cache\19.0.2.1+1\amd64\glass.dll
Event: 39.312 Loaded shared library C:\Users\LENOVO\.openjfx\cache\19.0.2.1+1\amd64\javafx_iio.dll

Deoptimization events (20 events):
Event: 39.882 Thread 0x00000171878078c0 DEOPT PACKING pc=0x000001713280bbb4 sp=0x0000003ed15fe950
Event: 39.882 Thread 0x00000171878078c0 DEOPT UNPACKING pc=0x00000171322446a2 sp=0x0000003ed15fe8c0 mode 2
Event: 39.882 Thread 0x00000171878078c0 Uncommon trap: trap_request=0xffffff45 fr.pc=0x000001713282adfc relative=0x00000000000002bc
Event: 39.882 Thread 0x00000171878078c0 Uncommon trap: reason=unstable_if action=reinterpret pc=0x000001713282adfc method=java.util.concurrent.ConcurrentHashMap.get(Ljava/lang/Object;)Ljava/lang/Object; @ 152 c2
Event: 39.882 Thread 0x00000171878078c0 DEOPT PACKING pc=0x000001713282adfc sp=0x0000003ed15fea10
Event: 39.882 Thread 0x00000171878078c0 DEOPT UNPACKING pc=0x00000171322446a2 sp=0x0000003ed15fe988 mode 2
Event: 57.972 Thread 0x0000017187d84b70 Uncommon trap: trap_request=0xffffff45 fr.pc=0x000001713280bc80 relative=0x0000000000000f00
Event: 57.972 Thread 0x0000017187d84b70 Uncommon trap: reason=unstable_if action=reinterpret pc=0x000001713280bc80 method=java.util.concurrent.ConcurrentHashMap.putVal(Ljava/lang/Object;Ljava/lang/Object;Z)Ljava/lang/Object; @ 231 c2
Event: 57.972 Thread 0x0000017187d84b70 DEOPT PACKING pc=0x000001713280bc80 sp=0x0000003ed19fece0
Event: 57.972 Thread 0x0000017187d84b70 DEOPT UNPACKING pc=0x00000171322446a2 sp=0x0000003ed19fec50 mode 2
Event: 59.609 Thread 0x0000017187d84b70 DEOPT PACKING pc=0x000001712afe0d4b sp=0x0000003ed19fe580
Event: 59.609 Thread 0x0000017187d84b70 DEOPT UNPACKING pc=0x0000017132244e42 sp=0x0000003ed19fd9b0 mode 0
Event: 113.419 Thread 0x0000017187427070 DEOPT PACKING pc=0x000001712b1009fc sp=0x0000003ed16feef0
Event: 113.419 Thread 0x0000017187427070 DEOPT UNPACKING pc=0x0000017132244e42 sp=0x0000003ed16fe428 mode 0
Event: 113.689 Thread 0x0000017187d84500 DEOPT PACKING pc=0x000001712b140bc0 sp=0x0000003ed18fee20
Event: 113.689 Thread 0x0000017187d84500 DEOPT UNPACKING pc=0x0000017132244e42 sp=0x0000003ed18fe388 mode 0
Event: 220.138 Thread 0x0000017187d84b70 Uncommon trap: trap_request=0xffffff45 fr.pc=0x0000017132891e9c relative=0x000000000000145c
Event: 220.138 Thread 0x0000017187d84b70 Uncommon trap: reason=unstable_if action=reinterpret pc=0x0000017132891e9c method=com.google.gson.stream.JsonWriter.string(Ljava/lang/String;)V @ 68 c2
Event: 220.138 Thread 0x0000017187d84b70 DEOPT PACKING pc=0x0000017132891e9c sp=0x0000003ed19fecb0
Event: 220.138 Thread 0x0000017187d84b70 DEOPT UNPACKING pc=0x00000171322446a2 sp=0x0000003ed19fec90 mode 2

Classes loaded (20 events):
Event: 39.267 Loading class java/util/concurrent/ExecutionException
Event: 39.267 Loading class java/util/concurrent/ExecutionException done
Event: 39.267 Loading class java/util/concurrent/FutureTask$WaitNode
Event: 39.267 Loading class java/util/concurrent/FutureTask$WaitNode done
Event: 39.267 Loading class java/util/concurrent/Executors$RunnableAdapter
Event: 39.267 Loading class java/util/concurrent/Executors$RunnableAdapter done
Event: 39.306 Loading class java/io/SequenceInputStream
Event: 39.306 Loading class java/io/SequenceInputStream done
Event: 39.317 Loading class java/nio/FloatBuffer
Event: 39.317 Loading class java/nio/FloatBuffer done
Event: 39.882 Loading class sun/reflect/generics/tree/ArrayTypeSignature
Event: 39.882 Loading class sun/reflect/generics/tree/ArrayTypeSignature done
Event: 39.882 Loading class sun/reflect/generics/reflectiveObjects/GenericArrayTypeImpl
Event: 39.882 Loading class sun/reflect/generics/reflectiveObjects/GenericArrayTypeImpl done
Event: 39.883 Loading class jdk/internal/reflect/MethodHandleBooleanFieldAccessorImpl
Event: 39.883 Loading class jdk/internal/reflect/MethodHandleBooleanFieldAccessorImpl done
Event: 39.885 Loading class jdk/internal/reflect/MethodHandleIntegerFieldAccessorImpl
Event: 39.885 Loading class jdk/internal/reflect/MethodHandleIntegerFieldAccessorImpl done
Event: 105.555 Loading class java/lang/invoke/MethodHandle$1
Event: 105.555 Loading class java/lang/invoke/MethodHandle$1 done

Classes unloaded (0 events):
No events

Classes redefined (0 events):
No events

Internal exceptions (20 events):
Event: 39.245 Thread 0x00000171878078c0 Exception <a 'java/lang/NoSuchMethodError'{0x000000071252d7a8}: 'void java.lang.invoke.DirectMethodHandle$Holder.invokeStaticInit(java.lang.Object, java.lang.Object)'> (0x000000071252d7a8) 
thrown [s\open\src\hotspot\share\interpreter\linkResolver.cpp, line 773]
Event: 39.258 Thread 0x00000171878078c0 Exception <a 'java/lang/NoSuchMethodError'{0x00000007122ac878}: 'java.lang.Object java.lang.invoke.DirectMethodHandle$Holder.newInvokeSpecial(java.lang.Object, java.lang.Object, int, java.lang.Object)'> (0x00000007122ac878) 
thrown [s\open\src\hotspot\share\interpreter\linkResolver.cpp, line 773]
Event: 39.258 Thread 0x00000171878078c0 Exception <a 'java/lang/NoSuchMethodError'{0x00000007122b09d0}: 'java.lang.Object java.lang.invoke.DirectMethodHandle$Holder.invokeSpecial(java.lang.Object, java.lang.Object, java.lang.Object, int, java.lang.Object)'> (0x00000007122b09d0) 
thrown [s\open\src\hotspot\share\interpreter\linkResolver.cpp, line 773]
Event: 39.816 Thread 0x0000017188218c80 Implicit null exception at 0x000001713280fc03 to 0x000001713280ffb0
Event: 39.883 Thread 0x00000171878078c0 Exception <a 'java/lang/NoSuchMethodError'{0x0000000713f87a08}: 'int java.lang.invoke.DirectMethodHandle$Holder.invokeSpecial(java.lang.Object, java.lang.Object, java.lang.Object)'> (0x0000000713f87a08) 
thrown [s\open\src\hotspot\share\interpreter\linkResolver.cpp, line 773]
Event: 39.884 Thread 0x00000171878078c0 Exception <a 'java/lang/NoSuchMethodError'{0x0000000713f8e700}: 'void java.lang.invoke.DelegatingMethodHandle$Holder.reinvoke_L(java.lang.Object, java.lang.Object, int)'> (0x0000000713f8e700) 
thrown [s\open\src\hotspot\share\interpreter\linkResolver.cpp, line 773]
Event: 39.884 Thread 0x00000171878078c0 Exception <a 'java/lang/NoSuchMethodError'{0x0000000713f94f80}: 'int java.lang.invoke.Invokers$Holder.invokeExact_MT(java.lang.Object, java.lang.Object, java.lang.Object)'> (0x0000000713f94f80) 
thrown [s\open\src\hotspot\share\interpreter\linkResolver.cpp, line 773]
Event: 57.820 Thread 0x0000017187d84b70 Exception <a 'sun/nio/fs/WindowsException'{0x0000000712607d60}> (0x0000000712607d60) 
thrown [s\open\src\hotspot\share\prims\jni.cpp, line 520]
Event: 57.821 Thread 0x0000017187d84b70 Exception <a 'sun/nio/fs/WindowsException'{0x000000071260a3b8}> (0x000000071260a3b8) 
thrown [s\open\src\hotspot\share\prims\jni.cpp, line 520]
Event: 57.821 Thread 0x0000017187d84b70 Exception <a 'java/io/FileNotFoundException'{0x000000071260a8f0}> (0x000000071260a8f0) 
thrown [s\open\src\hotspot\share\prims\jni.cpp, line 520]
Event: 57.972 Thread 0x0000017187d84b70 Exception <a 'java/net/UnknownHostException'{0x000000071260e940}> (0x000000071260e940) 
thrown [s\open\src\hotspot\share\prims\jni.cpp, line 520]
Event: 87.685 Thread 0x0000017188217240 Exception <a 'sun/nio/fs/WindowsException'{0x00000007124e0e08}> (0x00000007124e0e08) 
thrown [s\open\src\hotspot\share\prims\jni.cpp, line 520]
Event: 87.685 Thread 0x0000017188217240 Exception <a 'sun/nio/fs/WindowsException'{0x00000007124e3268}> (0x00000007124e3268) 
thrown [s\open\src\hotspot\share\prims\jni.cpp, line 520]
Event: 87.685 Thread 0x0000017188217240 Exception <a 'java/io/FileNotFoundException'{0x00000007124e37a0}> (0x00000007124e37a0) 
thrown [s\open\src\hotspot\share\prims\jni.cpp, line 520]
Event: 87.743 Thread 0x0000017188217240 Exception <a 'java/net/UnknownHostException'{0x00000007124e6eb8}> (0x00000007124e6eb8) 
thrown [s\open\src\hotspot\share\prims\jni.cpp, line 520]
Event: 129.982 Thread 0x00000171874276e0 Exception <a 'java/lang/NoSuchMethodError'{0x0000000713f4c878}: 'void java.lang.invoke.Invokers$Holder.invokeExact_MT(java.lang.Object, java.lang.Object, int, java.lang.Object)'> (0x0000000713f4c878) 
thrown [s\open\src\hotspot\share\interpreter\linkResolver.cpp, line 773]
Event: 216.048 Thread 0x0000017187d84500 Exception <a 'sun/nio/fs/WindowsException'{0x000000071583ef40}> (0x000000071583ef40) 
thrown [s\open\src\hotspot\share\prims\jni.cpp, line 520]
Event: 216.048 Thread 0x0000017187d84500 Exception <a 'sun/nio/fs/WindowsException'{0x0000000715841568}> (0x0000000715841568) 
thrown [s\open\src\hotspot\share\prims\jni.cpp, line 520]
Event: 216.048 Thread 0x0000017187d84500 Exception <a 'java/io/FileNotFoundException'{0x0000000715841aa0}> (0x0000000715841aa0) 
thrown [s\open\src\hotspot\share\prims\jni.cpp, line 520]
Event: 216.089 Thread 0x0000017187d84500 Exception <a 'java/net/UnknownHostException'{0x00000007158451b8}> (0x00000007158451b8) 
thrown [s\open\src\hotspot\share\prims\jni.cpp, line 520]

ZGC Phase Switch (0 events):
No events

VM Operations (20 events):
Event: 144.737 Executing VM operation: Cleanup done
Event: 151.801 Executing VM operation: Cleanup
Event: 151.801 Executing VM operation: Cleanup done
Event: 172.008 Executing VM operation: Cleanup
Event: 172.008 Executing VM operation: Cleanup done
Event: 173.015 Executing VM operation: Cleanup
Event: 173.015 Executing VM operation: Cleanup done
Event: 174.015 Executing VM operation: Cleanup
Event: 174.015 Executing VM operation: Cleanup done
Event: 175.016 Executing VM operation: Cleanup
Event: 175.016 Executing VM operation: Cleanup done
Event: 190.022 Executing VM operation: Cleanup
Event: 190.022 Executing VM operation: Cleanup done
Event: 217.036 Executing VM operation: Cleanup
Event: 217.036 Executing VM operation: Cleanup done
Event: 218.037 Executing VM operation: Cleanup
Event: 218.037 Executing VM operation: Cleanup done
Event: 219.038 Executing VM operation: Cleanup
Event: 219.038 Executing VM operation: Cleanup done
Event: 266.543 Executing VM operation: G1CollectForAllocation (G1 Evacuation Pause)

Events (20 events):
Event: 0.403 Thread 0x0000017187d84b70 Thread added: 0x0000017187d84b70
Event: 0.403 Thread 0x0000017187be0ec0 Thread added: 0x0000017187be0ec0
Event: 0.403 Thread 0x000001718797d200 Thread added: 0x000001718797d200
Event: 0.403 Thread 0x0000017188216520 Thread added: 0x0000017188216520
Event: 0.403 Thread 0x0000017188217240 Thread added: 0x0000017188217240
Event: 0.403 Thread 0x00000171882185f0 Thread added: 0x00000171882185f0
Event: 1.038 Thread 0x000001718724fe00 Thread exited: 0x000001718724fe00
Event: 1.038 Thread 0x0000017187244a00 Thread exited: 0x0000017187244a00
Event: 1.053 Thread 0x000001718718a830 Thread added: 0x000001718718a830
Event: 6.073 Thread 0x000001718718a830 Thread exited: 0x000001718718a830
Event: 35.312 Thread 0x0000017187146de0 Thread added: 0x0000017187146de0
Event: 35.316 Thread 0x0000017187aae370 Thread added: 0x0000017187aae370
Event: 35.752 Thread 0x0000017187aae370 Thread exited: 0x0000017187aae370
Event: 35.752 Thread 0x0000017187146de0 Thread exited: 0x0000017187146de0
Event: 39.086 Thread 0x00000171872923c0 Thread added: 0x00000171872923c0
Event: 39.183 Thread 0x0000017188217f60 Thread added: 0x0000017188217f60
Event: 39.257 Thread 0x0000017188216bb0 Thread added: 0x0000017188216bb0
Event: 39.259 Thread 0x0000017188218c80 Thread added: 0x0000017188218c80
Event: 39.467 Thread 0x00000171872923c0 Thread exited: 0x00000171872923c0
Event: 39.833 Thread 0x0000017188219310 Thread added: 0x0000017188219310


Dynamic libraries:
0x00007ff7e6110000 - 0x00007ff7e6120000 	C:\Program Files\Java\jdk-21\bin\java.exe
0x00007ffa692f0000 - 0x00007ffa69504000 	C:\Windows\SYSTEM32\ntdll.dll
0x00007ffa68c40000 - 0x00007ffa68d02000 	C:\Windows\System32\KERNEL32.DLL
0x00007ffa66710000 - 0x00007ffa66aad000 	C:\Windows\System32\KERNELBASE.dll
0x00007ffa66db0000 - 0x00007ffa66ec1000 	C:\Windows\System32\ucrtbase.dll
0x00007ffa4bd70000 - 0x00007ffa4bd8b000 	C:\Program Files\Java\jdk-21\bin\VCRUNTIME140.dll
0x00007ffa5ca70000 - 0x00007ffa5ca89000 	C:\Program Files\Java\jdk-21\bin\jli.dll
0x00007ffa68e70000 - 0x00007ffa68f1e000 	C:\Windows\System32\ADVAPI32.dll
0x00007ffa691f0000 - 0x00007ffa69297000 	C:\Windows\System32\msvcrt.dll
0x00007ffa68f50000 - 0x00007ffa68ff4000 	C:\Windows\System32\sechost.dll
0x00007ffa682f0000 - 0x00007ffa68405000 	C:\Windows\System32\RPCRT4.dll
0x00007ffa68990000 - 0x00007ffa68b3d000 	C:\Windows\System32\USER32.dll
0x00007ffa66d80000 - 0x00007ffa66da6000 	C:\Windows\System32\win32u.dll
0x00007ffa676c0000 - 0x00007ffa676e9000 	C:\Windows\System32\GDI32.dll
0x00007ffa66bf0000 - 0x00007ffa66d02000 	C:\Windows\System32\gdi32full.dll
0x00007ffa34e20000 - 0x00007ffa350ae000 	C:\Windows\WinSxS\amd64_microsoft.windows.common-controls_6595b64144ccf1df_6.0.22621.608_none_a9444ca7c10bb01d\COMCTL32.dll
0x00007ffa67040000 - 0x00007ffa670da000 	C:\Windows\System32\msvcp_win.dll
0x00007ffa5cba0000 - 0x00007ffa5cbaa000 	C:\Windows\SYSTEM32\VERSION.dll
0x00007ffa68950000 - 0x00007ffa68982000 	C:\Windows\System32\IMM32.DLL
0x00007ffa61510000 - 0x00007ffa6151c000 	C:\Program Files\Java\jdk-21\bin\vcruntime140_1.dll
0x00007ff9dc490000 - 0x00007ff9dc51e000 	C:\Program Files\Java\jdk-21\bin\msvcp140.dll
0x00007ff9da8f0000 - 0x00007ff9db607000 	C:\Program Files\Java\jdk-21\bin\server\jvm.dll
0x00007ffa69060000 - 0x00007ffa690d1000 	C:\Windows\System32\WS2_32.dll
0x00007ffa65f80000 - 0x00007ffa65fcd000 	C:\Windows\SYSTEM32\POWRPROF.dll
0x00007ffa64270000 - 0x00007ffa642a4000 	C:\Windows\SYSTEM32\WINMM.dll
0x00007ffa65f60000 - 0x00007ffa65f73000 	C:\Windows\SYSTEM32\UMPDC.dll
0x00007ffa65730000 - 0x00007ffa65748000 	C:\Windows\SYSTEM32\kernel.appcore.dll
0x00007ffa5cdb0000 - 0x00007ffa5cdba000 	C:\Program Files\Java\jdk-21\bin\jimage.dll
0x00007ffa63fc0000 - 0x00007ffa641ee000 	C:\Windows\SYSTEM32\DBGHELP.DLL
0x00007ffa67770000 - 0x00007ffa67afa000 	C:\Windows\System32\combase.dll
0x00007ffa68d10000 - 0x00007ffa68de7000 	C:\Windows\System32\OLEAUT32.dll
0x00007ffa64210000 - 0x00007ffa64242000 	C:\Windows\SYSTEM32\dbgcore.DLL
0x00007ffa66b70000 - 0x00007ffa66beb000 	C:\Windows\System32\bcryptPrimitives.dll
0x00007ffa618c0000 - 0x00007ffa618cf000 	C:\Program Files\Java\jdk-21\bin\instrument.dll
0x00007ffa4bd50000 - 0x00007ffa4bd6f000 	C:\Program Files\Java\jdk-21\bin\java.dll
0x00007ffa67b00000 - 0x00007ffa682ef000 	C:\Windows\System32\SHELL32.dll
0x00007ffa646f0000 - 0x00007ffa64fb8000 	C:\Windows\SYSTEM32\windows.storage.dll
0x00007ffa645b0000 - 0x00007ffa646ee000 	C:\Windows\SYSTEM32\wintypes.dll
0x00007ffa68b40000 - 0x00007ffa68c31000 	C:\Windows\System32\SHCORE.dll
0x00007ffa69000000 - 0x00007ffa6905e000 	C:\Windows\System32\shlwapi.dll
0x00007ffa66640000 - 0x00007ffa66661000 	C:\Windows\SYSTEM32\profapi.dll
0x00007ff9dc3b0000 - 0x00007ff9dc487000 	C:\Program Files\Java\jdk-21\bin\jsvml.dll
0x00007ffa5cfb0000 - 0x00007ffa5cfc0000 	C:\Program Files\Java\jdk-21\bin\net.dll
0x00007ffa5fa50000 - 0x00007ffa5fb7f000 	C:\Windows\SYSTEM32\WINHTTP.dll
0x00007ffa65b80000 - 0x00007ffa65be9000 	C:\Windows\system32\mswsock.dll
0x00007ffa5ce00000 - 0x00007ffa5ce16000 	C:\Program Files\Java\jdk-21\bin\nio.dll
0x00007ffa5cde0000 - 0x00007ffa5cdf8000 	C:\Program Files\Java\jdk-21\bin\zip.dll
0x00007ffa5eff0000 - 0x00007ffa5f00a000 	C:\Program Files\JetBrains\IntelliJ IDEA 2023.3\bin\breakgen64.dll
0x00007ffa4bd40000 - 0x00007ffa4bd50000 	C:\Program Files\Java\jdk-21\bin\verify.dll
0x00007ffa30b30000 - 0x00007ffa30b47000 	C:\Windows\system32\napinsp.dll
0x00007ffa30b10000 - 0x00007ffa30b2b000 	C:\Windows\system32\pnrpnsp.dll
0x00007ffa65230000 - 0x00007ffa65322000 	C:\Windows\SYSTEM32\DNSAPI.dll
0x00007ffa65200000 - 0x00007ffa6522d000 	C:\Windows\SYSTEM32\IPHLPAPI.DLL
0x00007ffa68df0000 - 0x00007ffa68df9000 	C:\Windows\System32\NSI.dll
0x00007ffa2a220000 - 0x00007ffa2a231000 	C:\Windows\System32\winrnr.dll
0x00007ffa26590000 - 0x00007ffa265a5000 	C:\Windows\system32\wshbth.dll
0x00007ffa2a1f0000 - 0x00007ffa2a211000 	C:\Windows\system32\nlansp_c.dll
0x00007ffa5e160000 - 0x00007ffa5e16a000 	C:\Windows\System32\rasadhlp.dll
0x00007ffa5dfb0000 - 0x00007ffa5e033000 	C:\Windows\System32\fwpuclnt.dll
0x00007ffa65f10000 - 0x00007ffa65f2b000 	C:\Windows\SYSTEM32\CRYPTSP.dll
0x00007ffa656a0000 - 0x00007ffa656d5000 	C:\Windows\system32\rsaenh.dll
0x00007ffa65c20000 - 0x00007ffa65c48000 	C:\Windows\SYSTEM32\USERENV.dll
0x00007ffa660d0000 - 0x00007ffa660f8000 	C:\Windows\SYSTEM32\bcrypt.dll
0x00007ffa65e80000 - 0x00007ffa65e8c000 	C:\Windows\SYSTEM32\CRYPTBASE.dll
0x00007ffa606c0000 - 0x00007ffa606ce000 	C:\Program Files\Java\jdk-21\bin\sunmscapi.dll
0x00007ffa66ed0000 - 0x00007ffa67036000 	C:\Windows\System32\CRYPT32.dll
0x00007ffa660a0000 - 0x00007ffa660cd000 	C:\Windows\SYSTEM32\ncrypt.dll
0x00007ffa66060000 - 0x00007ffa66097000 	C:\Windows\SYSTEM32\NTASN1.dll
0x0000017122800000 - 0x0000017122803000 	C:\Users\LENOVO\.openjfx\cache\19.0.2.1+1\amd64\api-ms-win-core-console-l1-1-0.dll
0x0000017122810000 - 0x0000017122813000 	C:\Users\LENOVO\.openjfx\cache\19.0.2.1+1\amd64\api-ms-win-core-console-l1-2-0.dll
0x0000017141f60000 - 0x0000017141f63000 	C:\Users\LENOVO\.openjfx\cache\19.0.2.1+1\amd64\api-ms-win-core-datetime-l1-1-0.dll
0x0000017141f70000 - 0x0000017141f73000 	C:\Users\LENOVO\.openjfx\cache\19.0.2.1+1\amd64\api-ms-win-core-debug-l1-1-0.dll
0x0000017141f80000 - 0x0000017141f83000 	C:\Users\LENOVO\.openjfx\cache\19.0.2.1+1\amd64\api-ms-win-core-errorhandling-l1-1-0.dll
0x0000017141f90000 - 0x0000017141f94000 	C:\Users\LENOVO\.openjfx\cache\19.0.2.1+1\amd64\api-ms-win-core-file-l1-1-0.dll
0x0000017141fa0000 - 0x0000017141fa3000 	C:\Users\LENOVO\.openjfx\cache\19.0.2.1+1\amd64\api-ms-win-core-file-l1-2-0.dll
0x0000017141fb0000 - 0x0000017141fb3000 	C:\Users\LENOVO\.openjfx\cache\19.0.2.1+1\amd64\api-ms-win-core-file-l2-1-0.dll
0x0000017141fc0000 - 0x0000017141fc3000 	C:\Users\LENOVO\.openjfx\cache\19.0.2.1+1\amd64\api-ms-win-core-handle-l1-1-0.dll
0x0000017141fd0000 - 0x0000017141fd3000 	C:\Users\LENOVO\.openjfx\cache\19.0.2.1+1\amd64\api-ms-win-core-heap-l1-1-0.dll
0x0000017141fe0000 - 0x0000017141fe3000 	C:\Users\LENOVO\.openjfx\cache\19.0.2.1+1\amd64\api-ms-win-core-interlocked-l1-1-0.dll
0x0000017141ff0000 - 0x0000017141ff3000 	C:\Users\LENOVO\.openjfx\cache\19.0.2.1+1\amd64\api-ms-win-core-libraryloader-l1-1-0.dll
0x0000017187c00000 - 0x0000017187c03000 	C:\Users\LENOVO\.openjfx\cache\19.0.2.1+1\amd64\api-ms-win-core-localization-l1-2-0.dll
0x0000017187c10000 - 0x0000017187c13000 	C:\Users\LENOVO\.openjfx\cache\19.0.2.1+1\amd64\api-ms-win-core-memory-l1-1-0.dll
0x0000017187c20000 - 0x0000017187c23000 	C:\Users\LENOVO\.openjfx\cache\19.0.2.1+1\amd64\api-ms-win-core-namedpipe-l1-1-0.dll
0x0000017187c30000 - 0x0000017187c33000 	C:\Users\LENOVO\.openjfx\cache\19.0.2.1+1\amd64\api-ms-win-core-processenvironment-l1-1-0.dll
0x0000017187c40000 - 0x0000017187c43000 	C:\Users\LENOVO\.openjfx\cache\19.0.2.1+1\amd64\api-ms-win-core-processthreads-l1-1-0.dll
0x0000017187c50000 - 0x0000017187c53000 	C:\Users\LENOVO\.openjfx\cache\19.0.2.1+1\amd64\api-ms-win-core-processthreads-l1-1-1.dll
0x0000017187c60000 - 0x0000017187c63000 	C:\Users\LENOVO\.openjfx\cache\19.0.2.1+1\amd64\api-ms-win-core-profile-l1-1-0.dll
0x0000017187c70000 - 0x0000017187c73000 	C:\Users\LENOVO\.openjfx\cache\19.0.2.1+1\amd64\api-ms-win-core-rtlsupport-l1-1-0.dll
0x0000017187c80000 - 0x0000017187c83000 	C:\Users\LENOVO\.openjfx\cache\19.0.2.1+1\amd64\api-ms-win-core-string-l1-1-0.dll
0x0000017187c90000 - 0x0000017187c93000 	C:\Users\LENOVO\.openjfx\cache\19.0.2.1+1\amd64\api-ms-win-core-synch-l1-1-0.dll
0x0000017187ca0000 - 0x0000017187ca3000 	C:\Users\LENOVO\.openjfx\cache\19.0.2.1+1\amd64\api-ms-win-core-synch-l1-2-0.dll
0x0000017187cb0000 - 0x0000017187cb3000 	C:\Users\LENOVO\.openjfx\cache\19.0.2.1+1\amd64\api-ms-win-core-sysinfo-l1-1-0.dll
0x0000017187cc0000 - 0x0000017187cc3000 	C:\Users\LENOVO\.openjfx\cache\19.0.2.1+1\amd64\api-ms-win-core-timezone-l1-1-0.dll
0x0000017187cd0000 - 0x0000017187cd3000 	C:\Users\LENOVO\.openjfx\cache\19.0.2.1+1\amd64\api-ms-win-core-util-l1-1-0.dll
0x0000017187ce0000 - 0x0000017187ce3000 	C:\Users\LENOVO\.openjfx\cache\19.0.2.1+1\amd64\api-ms-win-crt-conio-l1-1-0.dll
0x0000017187cf0000 - 0x0000017187cf4000 	C:\Users\LENOVO\.openjfx\cache\19.0.2.1+1\amd64\api-ms-win-crt-convert-l1-1-0.dll
0x0000017187d00000 - 0x0000017187d03000 	C:\Users\LENOVO\.openjfx\cache\19.0.2.1+1\amd64\api-ms-win-crt-environment-l1-1-0.dll
0x0000017187d10000 - 0x0000017187d13000 	C:\Users\LENOVO\.openjfx\cache\19.0.2.1+1\amd64\api-ms-win-crt-filesystem-l1-1-0.dll
0x0000017187d20000 - 0x0000017187d23000 	C:\Users\LENOVO\.openjfx\cache\19.0.2.1+1\amd64\api-ms-win-crt-heap-l1-1-0.dll
0x000001718a160000 - 0x000001718a163000 	C:\Users\LENOVO\.openjfx\cache\19.0.2.1+1\amd64\api-ms-win-crt-locale-l1-1-0.dll
0x000001718a170000 - 0x000001718a175000 	C:\Users\LENOVO\.openjfx\cache\19.0.2.1+1\amd64\api-ms-win-crt-math-l1-1-0.dll
0x000001718a180000 - 0x000001718a185000 	C:\Users\LENOVO\.openjfx\cache\19.0.2.1+1\amd64\api-ms-win-crt-multibyte-l1-1-0.dll
0x000001718a190000 - 0x000001718a1a0000 	C:\Users\LENOVO\.openjfx\cache\19.0.2.1+1\amd64\api-ms-win-crt-private-l1-1-0.dll
0x000001718a1a0000 - 0x000001718a1a3000 	C:\Users\LENOVO\.openjfx\cache\19.0.2.1+1\amd64\api-ms-win-crt-process-l1-1-0.dll
0x000001718a1b0000 - 0x000001718a1b4000 	C:\Users\LENOVO\.openjfx\cache\19.0.2.1+1\amd64\api-ms-win-crt-runtime-l1-1-0.dll
0x000001718a1c0000 - 0x000001718a1c4000 	C:\Users\LENOVO\.openjfx\cache\19.0.2.1+1\amd64\api-ms-win-crt-stdio-l1-1-0.dll
0x000001718a1d0000 - 0x000001718a1d4000 	C:\Users\LENOVO\.openjfx\cache\19.0.2.1+1\amd64\api-ms-win-crt-string-l1-1-0.dll
0x000001718a1e0000 - 0x000001718a1e3000 	C:\Users\LENOVO\.openjfx\cache\19.0.2.1+1\amd64\api-ms-win-crt-time-l1-1-0.dll
0x000001718a1f0000 - 0x000001718a1f3000 	C:\Users\LENOVO\.openjfx\cache\19.0.2.1+1\amd64\api-ms-win-crt-utility-l1-1-0.dll
0x00007ffa1b570000 - 0x00007ffa1b66c000 	C:\Users\LENOVO\.openjfx\cache\19.0.2.1+1\amd64\ucrtbase.dll
0x00007ffa5efd0000 - 0x00007ffa5efeb000 	C:\Users\LENOVO\.openjfx\cache\19.0.2.1+1\amd64\vcruntime140.dll
0x00007ffa5f020000 - 0x00007ffa5f02c000 	C:\Users\LENOVO\.openjfx\cache\19.0.2.1+1\amd64\vcruntime140_1.dll
0x00007ffa1b4e0000 - 0x00007ffa1b56e000 	C:\Users\LENOVO\.openjfx\cache\19.0.2.1+1\amd64\msvcp140.dll
0x00007ffa5ef60000 - 0x00007ffa5ef69000 	C:\Users\LENOVO\.openjfx\cache\19.0.2.1+1\amd64\msvcp140_1.dll
0x00007ffa5ccb0000 - 0x00007ffa5cce0000 	C:\Users\LENOVO\.openjfx\cache\19.0.2.1+1\amd64\msvcp140_2.dll
0x00007ffa3e9b0000 - 0x00007ffa3e9dc000 	C:\Users\LENOVO\.openjfx\cache\19.0.2.1+1\amd64\prism_d3d.dll
0x00007ff9e9d80000 - 0x00007ff9e9f29000 	C:\Windows\system32\d3d9.dll
0x00007ffa63890000 - 0x00007ffa638bb000 	C:\Windows\SYSTEM32\dwmapi.dll
0x00007ffa63730000 - 0x00007ffa63766000 	C:\Windows\SYSTEM32\dxcore.dll
0x00007ffa63620000 - 0x00007ffa636cb000 	C:\Windows\system32\uxtheme.dll
0x00007ff9e9cc0000 - 0x00007ff9e9d75000 	C:\Windows\SYSTEM32\d3d9on12.dll
0x00007ff9e9c90000 - 0x00007ff9e9cb3000 	C:\Windows\SYSTEM32\d3d12.dll
0x00007ffa63780000 - 0x00007ffa63877000 	C:\Windows\SYSTEM32\dxgi.dll
0x00007ffa663c0000 - 0x00007ffa6640e000 	C:\Windows\SYSTEM32\cfgmgr32.dll
0x00007ff9e9a30000 - 0x00007ff9e9c31000 	C:\Windows\SYSTEM32\D3D12Core.dll
0x00007ff9e9a00000 - 0x00007ff9e9a24000 	C:\Windows\System32\DriverStore\FileRepository\iigd_dch.inf_amd64_741cec8163d76913\igd12umd64.dll
0x00007ff9e8d40000 - 0x00007ff9e996c000 	C:\Windows\System32\DriverStore\FileRepository\iigd_dch.inf_amd64_741cec8163d76913\igd12um64xel.dll
0x00007ffa588f0000 - 0x00007ffa58d02000 	C:\Windows\System32\DriverStore\FileRepository\iigd_dch.inf_amd64_741cec8163d76913\igdgmm64.dll

dbghelp: loaded successfully - version: 4.0.5 - missing functions: none
symbol engine: initialized successfully - sym options: 0x614 - pdb path: .;C:\Program Files\Java\jdk-21\bin;C:\Windows\SYSTEM32;C:\Windows\WinSxS\amd64_microsoft.windows.common-controls_6595b64144ccf1df_6.0.22621.608_none_a9444ca7c10bb01d;C:\Program Files\Java\jdk-21\bin\server;C:\Program Files\JetBrains\IntelliJ IDEA 2023.3\bin;C:\Users\LENOVO\.openjfx\cache\19.0.2.1+1\amd64;C:\Windows\System32\DriverStore\FileRepository\iigd_dch.inf_amd64_741cec8163d76913

VM Arguments:
jvm_args: -javaagent:C:\Program Files\JetBrains\IntelliJ IDEA 2023.3\lib\idea_rt.jar=6410:C:\Program Files\JetBrains\IntelliJ IDEA 2023.3\bin -Dfile.encoding=UTF-8 -Dsun.stdout.encoding=UTF-8 -Dsun.stderr.encoding=UTF-8 --module-path=C:\Users\LENOVO\.m2\repository\org\openjfx\javafx-base\19.0.2.1\javafx-base-19.0.2.1-win.jar;E:\uni\2nd\AdvancedProgramming\Git\advanced-programming-project-group-37\GwentNetwork\target\classes;C:\Users\LENOVO\.m2\repository\com\google\code\gson\gson\2.8.9\gson-2.8.9.jar;C:\Users\LENOVO\.m2\repository\org\openjfx\javafx-graphics\19.0.2.1\javafx-graphics-19.0.2.1-win.jar;C:\Users\LENOVO\.m2\repository\org\openjfx\javafx-controls\19.0.2.1\javafx-controls-19.0.2.1-win.jar;C:\Users\LENOVO\.m2\repository\org\openjfx\javafx-media\19.0.2.1\javafx-media-19.0.2.1-win.jar;C:\Users\LENOVO\.m2\repository\org\openjfx\javafx-fxml\19.0.2.1\javafx-fxml-19.0.2.1-win.jar;C:\Users\LENOVO\.m2\repository\com\sun\mail\javax.mail\1.6.2\javax.mail-1.6.2.jar -Djdk.module.main=GwentNetwork 
java_command: GwentNetwork/server.ServerTCP
java_class_path (initial): C:\Users\LENOVO\.m2\repository\javax\activation\activation\1.1\activation-1.1.jar;C:\Users\LENOVO\.m2\repository\org\openjfx\javafx-fxml\19.0.2.1\javafx-fxml-19.0.2.1.jar;C:\Users\LENOVO\.m2\repository\org\bytedeco\javacv-platform\1.5.6\javacv-platform-1.5.6.jar;C:\Users\LENOVO\.m2\repository\org\bytedeco\openblas-platform\0.3.17-1.5.6\openblas-platform-0.3.17-1.5.6.jar;C:\Users\LENOVO\.m2\repository\org\bytedeco\javacpp-platform\1.5.6\javacpp-platform-1.5.6.jar;C:\Users\LENOVO\.m2\repository\org\bytedeco\javacpp\1.5.6\javacpp-1.5.6-android-arm.jar;C:\Users\LENOVO\.m2\repository\org\bytedeco\javacpp\1.5.6\javacpp-1.5.6-android-arm64.jar;C:\Users\LENOVO\.m2\repository\org\bytedeco\javacpp\1.5.6\javacpp-1.5.6-android-x86.jar;C:\Users\LENOVO\.m2\repository\org\bytedeco\javacpp\1.5.6\javacpp-1.5.6-android-x86_64.jar;C:\Users\LENOVO\.m2\repository\org\bytedeco\javacpp\1.5.6\javacpp-1.5.6-ios-arm64.jar;C:\Users\LENOVO\.m2\repository\org\bytedeco\javacpp\1.5.6\javacpp-1.5.6-ios-x86_64.jar;C:\Users\LENOVO\.m2\repository\org\bytedeco\javacpp\1.5.6\javacpp-1.5.6-linux-armhf.jar;C:\Users\LENOVO\.m2\repository\org\bytedeco\javacpp\1.5.6\javacpp-1.5.6-linux-arm64.jar;C:\Users\LENOVO\.m2\repository\org\bytedeco\javacpp\1.5.6\javacpp-1.5.6-linux-ppc64le.jar;C:\Users\LENOVO\.m2\repository\org\bytedeco\javacpp\1.5.6\javacpp-1.5.6-linux-x86.jar;C:\Users\LENOVO\.m2\repository\org\bytedeco\javacpp\1.5.6\javacpp-1.5.6-linux-x86_64.jar;C:\Users\LENOVO\.m2\repository\org\bytedeco\javacpp\1.5.6\javacpp-1.5.6-macosx-arm64.jar;C:\Users\LENOVO\.m2\repository\org\bytedeco\javacpp\1.5.6\javacpp-1.5.6-macosx-x86_64.jar;C:\Users\LENOVO\.m2\repository\org\bytedeco\javacpp\1.5.6\javacpp-1.5.6-windows-x86.jar;C:\Users\LENOVO\.m2\repository\org\bytedeco\javacpp\1.5.6\javacpp-1.5.6-windows-x86_64.jar;C:\Users\LENOVO\.m2\repository\org\bytedeco\openblas\0.3.17-1.5.6\openblas-0.3.17-1.5.6-android-arm64.jar;C:\Users\LENOVO\.m2\repository\org\bytedeco\openblas\0.3.17-1.5.6\openblas-0.3.17-1.5.6-ios-arm64.jar;C:\Users\LENOVO\.m2\repository\org\bytedeco\openblas\0.3.17-1.5.6\openblas-0.3.17-1.5.6-linux-x86.jar;C:\Users\LENOVO\.m2\repository\org\bytedeco\openblas\0.3.17-1.5.6\openblas-0.3.17-1.5.6-linux-x86_64.jar;C:\Users\LENOVO\.m2\repository\org\bytedeco\openblas\0.3.17-1.5.6\openblas-0.3.17-1.5.6-linux-armhf.jar;C:\Users\LENOVO\.m2\repository\org\bytedeco\openblas\0.3.17-1.5.6\openblas-0.3.17-1.5.6-linux-arm64.jar;C:\Users\LENOVO\.m2\repository\org\bytedeco\openblas\0.3.17-1.5.6\openblas-0.3.17-1.5.6-linux-ppc64le.jar;C:\Users\LENOVO\.m2\repository\org\bytedeco\openblas\0.3.17-1.5.6\openblas-0.3.17-1.5.6-macosx-x86_64.jar;C:\Users\LENOVO\.m2\repository\org\bytedeco\openblas\0.3.17-1.5.6\openblas-0.3.17-1.5.6-windows-x86.jar;C:\Users\LENOVO\.m2\repository\org\bytedeco\openblas\0.3.17-1.5.6\openblas-0.3.17-1.5.6-windows-x86_64.jar;C:\Users\LENOVO\.m2\repository\org\bytedeco\opencv-platform\4.5.3-1.5.6\opencv-platform-4.5.3-1.5.6.jar;C:\Users\LENOVO\.m2\repository\org\bytedeco\opencv\4.5.3-1.5.6\opencv-4.5.3-1.5.6-android-arm64.jar;C:\Users\LENOVO\.m2\repository\org\bytedeco\opencv\4.5.3-1.5.6\opencv-4.5.3-1.5.6-linux-arm64.jar;C:\Users\LENOVO\.m2\repository\org\bytedeco\opencv\4.5.3-1.5.6\opencv-4.5.3-1.5.6-linux-ppc64le.jar;C:\Users\LENOVO\.m2\repository\org\bytedeco\opencv\4.5.3-1.5.6\opencv-4.5.3-1.5.6-windows-x86.jar;C:\Users\LENOVO\.m2\repository\org\bytedeco\ffmpeg-platform\4.4-1.5.6\ffmpeg-platform-4.4-1.5.6.jar;C:\Users\LENOVO\.m2\repository\org\bytedeco\ffmpeg\4.4-1.5.6\ffmpeg-4.4-1.5.6-android-arm64.jar;C:\Users\LENOVO\.m2\repository\org\bytedeco\ffmpeg\4.4-1.5.6\ffmpeg-4.4-1.5.6-android-x86_64.jar;C:\Users\LENOVO\.m2\repository\org\bytedeco\ffmpeg\4.4-1.5.6\ffmpeg-4.4-1.5.6-linux-x86_64.jar;C:\Users\LENOVO\.m2\repository\org\bytedeco\ffmpeg\4.4-1.5.6\ffmpeg-4.4-1.5.6-linux-armhf.jar;C:\Users\LENOVO\.m2\repository\org\bytedeco\ffmpeg\4.4-1.5.6\ffmpeg-4.4-1.5.6-linux-arm64.jar;C:\Users\LENOVO\.m2\repository\org\bytedeco\ffmpeg\4.4-1.5.6\ffmpeg-4.4-1.5.6-macosx-x86_64.jar;C:\Users\LENOVO\.m2\repository\org\bytedeco\ffmpeg\4.4-1.5.6\ffmpeg-4.4-1.5.6-windows-x86_64.jar;C:\Users\LENOVO\.m2\repository\org\bytedeco\flycapture-platform\2.13.3.31-1.5.6\flycapture-platform-2.13.3.31-1.5.6.jar;C:\Users\LENOVO\.m2\repository\org\bytedeco\flycapture\2.13.3.31-1.5.6\flycapture-2.13.3.31-1.5.6-linux-x86.jar;C:\Users\LENOVO\.m2\repository\org\bytedeco\flycapture\2.13.3.31-1.5.6\flycapture-2.13.3.31-1.5.6-linux-x86_64.jar;C:\Users\LENOVO\.m2\repository\org\bytedeco\flycapture\2.13.3.31-1.5.6\flycapture-2.13.3.31-1.5.6-linux-armhf.jar;C:\Users\LENOVO\.m2\repository\org\bytedeco\flycapture\2.13.3.31-1.5.6\flycapture-2.13.3.31-1.5.6-linux-arm64.jar;C:\Users\LENOVO\.m2\repository\org\bytedeco\flycapture\2.13.3.31-1.5.6\flycapture-2.13.3.31-1.5.6-windows-x86.jar;C:\Users\LENOVO\.m2\repository\org\bytedeco\flycapture\2.13.3.31-1.5.6\flycapture-2.13.3.31-1.5.6-windows-x86_64.jar;C:\Users\LENOVO\.m2\repository\org\bytedeco\libdc1394-platform\2.2.6-1.5.6\libdc1394-platform-2.2.6-1.5.6.jar;C:\Users\LENOVO\.m2\repository\org\bytedeco\libdc1394\2.2.6-1.5.6\libdc1394-2.2.6-1.5.6-linux-x86.jar;C:\Users\LENOVO\.m2\repository\org\bytedeco\libdc1394\2.2.6-1.5.6\libdc1394-2.2.6-1.5.6-linux-x86_64.jar;C:\Users\LENOVO\.m2\repository\org\bytedeco\libdc1394\2.2.6-1.5.6\libdc1394-2.2.6-1.5.6-linux-armhf.jar;C:\Users\LENOVO\.m2\repository\org\bytedeco\libdc1394\2.2.6-1.5.6\libdc1394-2.2.6-1.5.6-linux-arm64.jar;C:\Users\LENOVO\.m2\repository\org\bytedeco\libdc1394\2.2.6-1.5.6\libdc1394-2.2.6-1.5.6-linux-ppc64le.jar;C:\Users\LENOVO\.m2\repository\org\bytedeco\libdc1394\2.2.6-1.5.6\libdc1394-2.2.6-1.5.6-macosx-x86_64.jar;C:\Users\LENOVO\.m2\repository\org\bytedeco\libdc1394\2.2.6-1.5.6\libdc1394-2.2.6-1.5.6-windows-x86.jar;C:\Users\LENOVO\.m2\repository\org\bytedeco\libdc1394\2.2.6-1.5.6\libdc1394-2.2.6-1.5.6-windows-x86_64.jar;C:\Users\LENOVO\.m2\repository\org\bytedeco\libfreenect-platform\0.5.7-1.5.6\libfreenect-platform-0.5.7-1.5.6.jar;C:\Users\LENOVO\.m2\repository\org\bytedeco\libfreenect\0.5.7-1.5.6\libfreenect-0.5.7-1.5.6-linux-x86.jar;C:\Users\LENOVO\.m2\repository\org\bytedeco\libfreenect\0.5.7-1.5.6\libfreenect-0.5.7-1.5.6-linux-x86_64.jar;C:\Users\LENOVO\.m2\repository\org\bytedeco\libfreenect\0.5.7-1.5.6\libfreenect-0.5.7-1.5.6-linux-armhf.jar;C:\Users\LENOVO\.m2\repository\org\bytedeco\libfreenect\0.5.7-1.5.6\libfreenect-0.5.7-1.5.6-linux-arm64.jar;C:\Users\LENOVO\.m2\repository\org\bytedeco\libfreenect\0.5.7-1.5.6\libfreenect-0.5.7-1.5.6-linux-ppc64le.jar;C:\Users\LENOVO\.m2\repository\org\bytedeco\libfreenect\0.5.7-1.5.6\libfreenect-0.5.7-1.5.6-macosx-x86_64.jar;C:\Users\LENOVO\.m2\repository\org\bytedeco\libfreenect\0.5.7-1.5.6\libfreenect-0.5.7-1.5.6-windows-x86.jar;C:\Users\LENOVO\.m2\repository\org\bytedeco\libfreenect\0.5.7-1.5.6\libfreenect-0.5.7-1.5.6-windows-x86_64.jar;C:\Users\LENOVO\.m2\repository\org\bytedeco\libfreenect2-platform\0.2.0-1.5.6\libfreenect2-platform-0.2.0-1.5.6.jar;C:\Users\LENOVO\.m2\repository\org\bytedeco\libfreenect2\0.2.0-1.5.6\libfreenect2-0.2.0-1.5.6-linux-x86.jar;C:\Users\LENOVO\.m2\repository\org\bytedeco\libfreenect2\0.2.0-1.5.6\libfreenect2-0.2.0-1.5.6-linux-x86_64.jar;C:\Users\LENOVO\.m2\repository\org\bytedeco\libfreenect2\0.2.0-1.5.6\libfreenect2-0.2.0-1.5.6-macosx-x86_64.jar;C:\Users\LENOVO\.m2\repository\org\bytedeco\libfreenect2\0.2.0-1.5.6\libfreenect2-0.2.0-1.5.6-windows-x86_64.jar;C:\Users\LENOVO\.m2\repository\org\bytedeco\librealsense-platform\1.12.4-1.5.6\librealsense-platform-1.12.4-1.5.6.jar;C:\Users\LENOVO\.m2\repository\org\bytedeco\librealsense\1.12.4-1.5.6\librealsense-1.12.4-1.5.6-linux-armhf.jar;C:\Users\LENOVO\.m2\repository\org\bytedeco\librealsense\1.12.4-1.5.6\librealsense-1.12.4-1.5.6-linux-arm64.jar;C:\Users\LENOVO\.m2\repository\org\bytedeco\librealsense\1.12.4-1.5.6\librealsense-1.12.4-1.5.6-linux-x86.jar;C:\Users\LENOVO\.m2\repository\org\bytedeco\librealsense\1.12.4-1.5.6\librealsense-1.12.4-1.5.6-linux-x86_64.jar;C:\Users\LENOVO\.m2\repository\org\bytedeco\librealsense\1.12.4-1.5.6\librealsense-1.12.4-1.5.6-macosx-x86_64.jar;C:\Users\LENOVO\.m2\repository\org\bytedeco\librealsense\1.12.4-1.5.6\librealsense-1.12.4-1.5.6-windows-x86.jar;C:\Users\LENOVO\.m2\repository\org\bytedeco\librealsense\1.12.4-1.5.6\librealsense-1.12.4-1.5.6-windows-x86_64.jar;C:\Users\LENOVO\.m2\repository\org\bytedeco\librealsense2-platform\2.44.0-1.5.6\librealsense2-platform-2.44.0-1.5.6.jar;C:\Users\LENOVO\.m2\repository\org\bytedeco\librealsense2\2.44.0-1.5.6\librealsense2-2.44.0-1.5.6-linux-arm64.jar;C:\Users\LENOVO\.m2\repository\org\bytedeco\librealsense2\2.44.0-1.5.6\librealsense2-2.44.0-1.5.6-macosx-x86_64.jar;C:\Users\LENOVO\.m2\repository\org\bytedeco\librealsense2\2.44.0-1.5.6\librealsense2-2.44.0-1.5.6-windows-x86.jar;C:\Users\LENOVO\.m2\repository\org\bytedeco\librealsense2\2.44.0-1.5.6\librealsense2-2.44.0-1.5.6-windows-x86_64.jar;C:\Users\LENOVO\.m2\repository\org\bytedeco\videoinput-platform\0.200-1.5.6\videoinput-platform-0.200-1.5.6.jar;C:\Users\LENOVO\.m2\repository\org\bytedeco\videoinput\0.200-1.5.6\videoinput-0.200-1.5.6-windows-x86.jar;C:\Users\LENOVO\.m2\repository\org\bytedeco\videoinput\0.200-1.5.6\videoinput-0.200-1.5.6-windows-x86_64.jar;C:\Users\LENOVO\.m2\repository\org\bytedeco\artoolkitplus-platform\2.3.1-1.5.6\artoolkitplus-platform-2.3.1-1.5.6.jar;C:\Users\LENOVO\.m2\repository\org\bytedeco\artoolkitplus\2.3.1-1.5.6\artoolkitplus-2.3.1-1.5.6-android-arm.jar;C:\Users\LENOVO\.m2\repository\org\bytedeco\artoolkitplus\2.3.1-1.5.6\artoolkitplus-2.3.1-1.5.6-android-arm64.jar;C:\Users\LENOVO\.m2\repository\org\bytedeco\artoolkitplus\2.3.1-1.5.6\artoolkitplus-2.3.1-1.5.6-android-x86.jar;C:\Users\LENOVO\.m2\repository\org\bytedeco\artoolkitplus\2.3.1-1.5.6\artoolkitplus-2.3.1-1.5.6-android-x86_64.jar;C:\Users\LENOVO\.m2\repository\org\bytedeco\artoolkitplus\2.3.1-1.5.6\artoolkitplus-2.3.1-1.5.6-linux-x86.jar;C:\Users\LENOVO\.m2\repository\org\bytedeco\artoolkitplus\2.3.1-1.5.6\artoolkitplus-2.3.1-1.5.6-linux-x86_64.jar;C:\Users\LENOVO\.m2\repository\org\bytedeco\artoolkitplus\2.3.1-1.5.6\artoolkitplus-2.3.1-1.5.6-linux-armhf.jar;C:\Users\LENOVO\.m2\repository\org\bytedeco\artoolkitplus\2.3.1-1.5.6\artoolkitplus-2.3.1-1.5.6-linux-arm64.jar;C:\Users\LENOVO\.m2\repository\org\bytedeco\artoolkitplus\2.3.1-1.5.6\artoolkitplus-2.3.1-1.5.6-linux-ppc64le.jar;C:\Users\LENOVO\.m2\repository\org\bytedeco\artoolkitplus\2.3.1-1.5.6\artoolkitplus-2.3.1-1.5.6-macosx-x86_64.jar;C:\Users\LENOVO\.m2\repository\org\bytedeco\artoolkitplus\2.3.1-1.5.6\artoolkitplus-2.3.1-1.5.6-windows-x86.jar;C:\Users\LENOVO\.m2\repository\org\bytedeco\artoolkitplus\2.3.1-1.5.6\artoolkitplus-2.3.1-1.5.6-windows-x86_64.jar;C:\Users\LENOVO\.m2\repository\org\bytedeco\flandmark-platform\1.07-1.5.6\flandmark-platform-1.07-1.5.6.jar;C:\Users\LENOVO\.m2\repository\org\bytedeco\flandmark\1.07-1.5.6\flandmark-1.07-1.5.6-android-arm.jar;C:\Users\LENOVO\.m2\repository\org\bytedeco\flandmark\1.07-1.5.6\flandmark-1.07-1.5.6-android-arm64.jar;C:\Users\LENOVO\.m2\repository\org\bytedeco\flandmark\1.07-1.5.6\flandmark-1.07-1.5.6-android-x86.jar;C:\Users\LENOVO\.m2\repository\org\bytedeco\flandmark\1.07-1.5.6\flandmark-1.07-1.5.6-android-x86_64.jar;C:\Users\LENOVO\.m2\repository\org\bytedeco\flandmark\1.07-1.5.6\flandmark-1.07-1.5.6-linux-x86.jar;C:\Users\LENOVO\.m2\repository\org\bytedeco\flandmark\1.07-1.5.6\flandmark-1.07-1.5.6-linux-x86_64.jar;C:\Users\LENOVO\.m2\repository\org\bytedeco\flandmark\1.07-1.5.6\flandmark-1.07-1.5.6-linux-armhf.jar;C:\Users\LENOVO\.m2\repository\org\bytedeco\flandmark\1.07-1.5.6\flandmark-1.07-1.5.6-linux-arm64.jar;C:\Users\LENOVO\.m2\repository\org\bytedeco\flandmark\1.07-1.5.6\flandmark-1.07-1.5.6-linux-ppc64le.jar;C:\Users\LENOVO\.m2\repository\org\bytedeco\flandmark\1.07-1.5.6\flandmark-1.07-1.5.6-macosx-x86_64.jar;C:\Users\LENOVO\.m2\repository\org\bytedeco\flandmark\1.07-1.5.6\flandmark-1.07-1.5.6-windows-x86.jar;C:\Users\LENOVO\.m2\repository\org\bytedeco\flandmark\1.07-1.5.6\flandmark-1.07-1.5.6-windows-x86_64.jar;C:\Users\LENOVO\.m2\repository\org\bytedeco\leptonica-platform\1.81.1-1.5.6\leptonica-platform-1.81.1-1.5.6.jar;C:\Users\LENOVO\.m2\repository\org\bytedeco\leptonica\1.81.1-1.5.6\leptonica-1.81.1-1.5.6-android-arm.jar;C:\Users\LENOVO\.m2\repository\org\bytedeco\leptonica\1.81.1-1.5.6\leptonica-1.81.1-1.5.6-android-arm64.jar;C:\Users\LENOVO\.m2\repository\org\bytedeco\leptonica\1.81.1-1.5.6\leptonica-1.81.1-1.5.6-android-x86.jar;C:\Users\LENOVO\.m2\repository\org\bytedeco\leptonica\1.81.1-1.5.6\leptonica-1.81.1-1.5.6-android-x86_64.jar;C:\Users\LENOVO\.m2\repository\org\bytedeco\leptonica\1.81.1-1.5.6\leptonica-1.81.1-1.5.6-linux-x86.jar;C:\Users\LENOVO\.m2\repository\org\bytedeco\leptonica\1.81.1-1.5.6\leptonica-1.81.1-1.5.6-linux-x86_64.jar;C:\Users\LENOVO\.m2\repository\org\bytedeco\leptonica\1.81.1-1.5.6\leptonica-1.81.1-1.5.6-linux-armhf.jar;C:\Users\LENOVO\.m2\repository\org\bytedeco\leptonica\1.81.1-1.5.6\leptonica-1.81.1-1.5.6-linux-arm64.jar;C:\Users\LENOVO\.m2\repository\org\bytedeco\leptonica\1.81.1-1.5.6\leptonica-1.81.1-1.5.6-linux-ppc64le.jar;C:\Users\LENOVO\.m2\repository\org\bytedeco\leptonica\1.81.1-1.5.6\leptonica-1.81.1-1.5.6-macosx-x86_64.jar;C:\Users\LENOVO\.m2\repository\org\bytedeco\leptonica\1.81.1-1.5.6\leptonica-1.81.1-1.5.6-windows-x86.jar;C:\Users\LENOVO\.m2\repository\org\bytedeco\leptonica\1.81.1-1.5.6\leptonica-1.81.1-1.5.6-windows-x86_64.jar;C:\Users\LENOVO\.m2\repository\org\bytedeco\tesseract-platform\4.1.1-1.5.6\tesseract-platform-4.1.1-1.5.6.jar;C:\Users\LENOVO\.m2\repository\org\bytedeco\tesseract\4.1.1-1.5.6\tesseract-4.1.1-1.5.6-android-arm.jar;C:\Users\LENOVO\.m2\repository\org\bytedeco\tesseract\4.1.1-1.5.6\tesseract-4.1.1-1.5.6-android-arm64.jar;C:\Users\LENOVO\.m2\repository\org\bytedeco\tesseract\4.1.1-1.5.6\tesseract-4.1.1-1.5.6-android-x86.jar;C:\Users\LENOVO\.m2\repository\org\bytedeco\tesseract\4.1.1-1.5.6\tesseract-4.1.1-1.5.6-android-x86_64.jar;C:\Users\LENOVO\.m2\repository\org\bytedeco\tesseract\4.1.1-1.5.6\tesseract-4.1.1-1.5.6-linux-x86.jar;C:\Users\LENOVO\.m2\repository\org\bytedeco\tesseract\4.1.1-1.5.6\tesseract-4.1.1-1.5.6-linux-x86_64.jar;C:\Users\LENOVO\.m2\repository\org\bytedeco\tesseract\4.1.1-1.5.6\tesseract-4.1.1-1.5.6-linux-armhf.jar;C:\Users\LENOVO\.m2\repository\org\bytedeco\tesseract\4.1.1-1.5.6\tesseract-4.1.1-1.5.6-linux-arm64.jar;C:\Users\LENOVO\.m2\repository\org\bytedeco\tesseract\4.1.1-1.5.6\tesseract-4.1.1-1.5.6-linux-ppc64le.jar;C:\Users\LENOVO\.m2\repository\org\bytedeco\tesseract\4.1.1-1.5.6\tesseract-4.1.1-1.5.6-macosx-x86_64.jar;C:\Users\LENOVO\.m2\repository\org\bytedeco\tesseract\4.1.1-1.5.6\tesseract-4.1.1-1.5.6-windows-x86.jar;C:\Users\LENOVO\.m2\repository\org\bytedeco\tesseract\4.1.1-1.5.6\tesseract-4.1.1-1.5.6-windows-x86_64.jar;C:\Users\LENOVO\.m2\repository\org\openjfx\javafx-controls\19.0.2.1\javafx-controls-19.0.2.1.jar;C:\Users\LENOVO\.m2\repository\org\openjfx\javafx-graphics\19.0.2.1\javafx-graphics-19.0.2.1.jar;C:\Users\LENOVO\.m2\repository\org\openjfx\javafx-base\19.0.2.1\javafx-base-19.0.2.1.jar;C:\Users\LENOVO\.m2\repository\org\openjfx\javafx-media\19.0.2.1\javafx-media-19.0.2.1.jar;C:\Users\LENOVO\.m2\repository\org\bytedeco\javacv\1.5.6\javacv-1.5.6.jar;C:\Users\LENOVO\.m2\repository\org\bytedeco\javacpp\1.5.6\javacpp-1.5.6.jar;C:\Users\LENOVO\.m2\repository\org\bytedeco\openblas\0.3.17-1.5.6\openblas-0.3.17-1.5.6.jar;C:\Users\LENOVO\.m2\repository\org\bytedeco\opencv\4.5.3-1.5.6\opencv-4.5.3-1.5.6.jar;C:\Users\LENOVO\.m2\repository\org\bytedeco\flycapture\2.13.3.31-1.5.6\flycapture-2.13.3.31-1.5.6.jar;C:\Users\LENOVO\.m2\repository\org\bytedeco\libdc1394\2.2.6-1.5.6\libdc1394-2.2.6-1.5.6.jar;C:\Users\LENOVO\.m2\repository\org\bytedeco\libfreenect\0.5.7-1.5.6\libfreenect-0.5.7-1.5.6.jar;C:\Users\LENOVO\.m2\repository\org\bytedeco\libfreenect2\0.2.0-1.5.6\libfreenect2-0.2.0-1.5.6.jar;C:\Users\LENOVO\.m2\repository\org\bytedeco\librealsense\1.12.4-1.5.6\librealsense-1.12.4-1.5.6.jar;C:\Users\LENOVO\.m2\repository\org\bytedeco\librealsense2\2.44.0-1.5.6\librealsense2-2.44.0-1.5.6.jar;C:\Users\LENOVO\.m2\repository\org\bytedeco\videoinput\0.200-1.5.6\videoinput-0.200-1.5.6.jar;C:\Users\LENOVO\.m2\repository\org\bytedeco\artoolkitplus\2.3.1-1.5.6\artoolkitplus-2.3.1-1.5.6.jar;C:\Users\LENOVO\.m2\repository\org\bytedeco\flandmark\1.07-1.5.6\flandmark-1.07-1.5.6.jar;C:\Users\LENOVO\.m2\repository\org\bytedeco\leptonica\1.81.1-1.5.6\leptonica-1.81.1-1.5.6.jar;C:\Users\LENOVO\.m2\repository\org\bytedeco\tesseract\4.1.1-1.5.6\tesseract-4.1.1-1.5.6.jar
Launcher Type: SUN_STANDARD

[Global flags]
     intx CICompilerCount                          = 4                                         {product} {ergonomic}
     uint ConcGCThreads                            = 3                                         {product} {ergonomic}
     uint G1ConcRefinementThreads                  = 10                                        {product} {ergonomic}
   size_t G1HeapRegionSize                         = 2097152                                   {product} {ergonomic}
    uintx GCDrainStackTargetSize                   = 64                                        {product} {ergonomic}
   size_t InitialHeapSize                          = 264241152                                 {product} {ergonomic}
   size_t MarkStackSize                            = 4194304                                   {product} {ergonomic}
   size_t MaxHeapSize                              = 4223664128                                {product} {ergonomic}
   size_t MaxNewSize                               = 2533359616                                {product} {ergonomic}
   size_t MinHeapDeltaBytes                        = 2097152                                   {product} {ergonomic}
   size_t MinHeapSize                              = 8388608                                   {product} {ergonomic}
    uintx NonNMethodCodeHeapSize                   = 5839372                                {pd product} {ergonomic}
    uintx NonProfiledCodeHeapSize                  = 122909434                              {pd product} {ergonomic}
    uintx ProfiledCodeHeapSize                     = 122909434                              {pd product} {ergonomic}
    uintx ReservedCodeCacheSize                    = 251658240                              {pd product} {ergonomic}
     bool SegmentedCodeCache                       = true                                      {product} {ergonomic}
   size_t SoftMaxHeapSize                          = 4223664128                             {manageable} {ergonomic}
     bool UseCompressedOops                        = true                           {product lp64_product} {ergonomic}
     bool UseG1GC                                  = true                                      {product} {ergonomic}
     bool UseLargePagesIndividualAllocation        = false                                  {pd product} {ergonomic}

Logging:
Log output configuration:
 #0: stdout all=warning uptime,level,tags foldmultilines=false
 #1: stderr all=off uptime,level,tags foldmultilines=false

Environment Variables:
PATH=C:\ProgramData\Oracle\Java\javapath;C:\Program Files\Common Files\Oracle\Java\javapath;C:\Program Files (x86)\Common Files\Oracle\Java\javapath;E:\uni\1st\MabaniComp\Project\output\main.exe;C:\Program Files\Microsoft VS Code\bin;C:\Users\LENOVO\AppData\Local\Programs\Python\Launcher\;C:\Users\LENOVO\AppData\Local\Microsoft\WindowsApps;C:\Users\LENOVO\AppData\Local\Programs\MiKTeX\miktex\bin\x64\;C:\Users\LENOVO\AppData\Local\GitHubDesktop\bin;C:\Users\LENOVO\AppData\Roaming\npm;C:\Users\LENOVO\AppData\Local\Programs\Microsoft VS Code\bin;C:\MinGW\bin;E:\proooo;;C:\Program Files\JetBrains\IntelliJ IDEA 2023.3.3\bin;
USERNAME=LENOVO
OS=Windows_NT
PROCESSOR_IDENTIFIER=Intel64 Family 6 Model 154 Stepping 4, GenuineIntel
TMP=C:\Users\LENOVO\AppData\Local\Temp
TEMP=C:\Users\LENOVO\AppData\Local\Temp




Periodic native trim disabled

---------------  S Y S T E M  ---------------

OS:
 Windows 11 , 64 bit Build 22621 (10.0.22621.900)
OS uptime: 0 days 7:09 hours
Hyper-V role detected

CPU: total 12 (initial active 12) (6 cores per cpu, 2 threads per core) family 6 model 154 stepping 4 microcode 0x41f, cx8, cmov, fxsr, ht, mmx, 3dnowpref, sse, sse2, sse3, ssse3, sse4.1, sse4.2, popcnt, lzcnt, tsc, tscinvbit, avx, avx2, aes, erms, clmul, bmi1, bmi2, adx, sha, fma, vzeroupper, clflush, clflushopt, clwb, hv, serialize, rdtscp, rdpid, fsrm, f16c, cet_ibt, cet_ss
Processor Information for processor 0
  Max Mhz: 1700, Current Mhz: 1700, Mhz Limit: 1700
Processor Information for processor 1
  Max Mhz: 1700, Current Mhz: 1700, Mhz Limit: 1700
Processor Information for processor 2
  Max Mhz: 1700, Current Mhz: 1700, Mhz Limit: 1700
Processor Information for processor 3
  Max Mhz: 1700, Current Mhz: 1700, Mhz Limit: 1700
Processor Information for processor 4
  Max Mhz: 1200, Current Mhz: 1200, Mhz Limit: 1200
Processor Information for processor 5
  Max Mhz: 1200, Current Mhz: 1200, Mhz Limit: 1200
Processor Information for processor 6
  Max Mhz: 1200, Current Mhz: 1200, Mhz Limit: 1200
Processor Information for processor 7
  Max Mhz: 1200, Current Mhz: 1200, Mhz Limit: 1200
Processor Information for processor 8
  Max Mhz: 1200, Current Mhz: 1200, Mhz Limit: 1200
Processor Information for processor 9
  Max Mhz: 1200, Current Mhz: 1200, Mhz Limit: 1200
Processor Information for processor 10
  Max Mhz: 1200, Current Mhz: 1200, Mhz Limit: 1200
Processor Information for processor 11
  Max Mhz: 1200, Current Mhz: 1200, Mhz Limit: 1200

Memory: 4k page, system-wide physical 16108M (934M free)
TotalPageFile size 26615M (AvailPageFile size 126M)
current process WorkingSet (physical memory assigned to process): 423M, peak: 423M
current process commit charge ("private bytes"): 521M, peak: 658M

vm_info: Java HotSpot(TM) 64-Bit Server VM (21.0.2+13-LTS-58) for windows-amd64 JRE (21.0.2+13-LTS-58), built on 2024-01-05T18:32:24Z by "mach5one" with MS VC++ 17.1 (VS2022)

END.
